Copying Files ...

Loading configuration ...

#
# configuration written to .config
#

Compiling zImage ...

INFO: CC is /usr/bin/ccache /home/xdavn/gcc/bin/aarch64-cortex_a53-linux-gnueabi-gcc
In file included from scripts/sortextable.c:192:0:
scripts/sortextable.h: In function ‘do32’:
scripts/sortextable.h:107:12: warning: variable ‘sort_done_location’ set but not used [-Wunused-but-set-variable]
  uint32_t *sort_done_location;
            ^
In file included from scripts/sortextable.c:194:0:
scripts/sortextable.h: In function ‘do64’:
scripts/sortextable.h:107:12: warning: variable ‘sort_done_location’ set but not used [-Wunused-but-set-variable]
  uint32_t *sort_done_location;
            ^
arch/arm64/crypto/sha1-ce-glue.c:173:33: warning: 'cpu_feature_match_SHA1' defined but not used [-Wunused-const-variable=]
 module_cpu_feature_match(SHA1, sha1_ce_mod_init);
                                 ^~~~~~~~~~~~~~~~~     
arch/arm64/crypto/sha2-ce-glue.c:253:33: warning: 'cpu_feature_match_SHA2' defined but not used [-Wunused-const-variable=]
 module_cpu_feature_match(SHA2, sha2_ce_mod_init);
                                 ^~~~~~~~~~~~~~~~~     
arch/arm64/crypto/aes-ce-cipher.c:154:33: warning: 'cpu_feature_match_AES' defined but not used [-Wunused-const-variable=]
 module_cpu_feature_match(AES, aes_mod_init);
                                 ^~~~~~~~~~~~         
arch/arm64/crypto/aes-glue.c:442:33: warning: 'cpu_feature_match_AES' defined but not used [-Wunused-const-variable=]
 module_cpu_feature_match(AES, aes_init);
                                 ^~~~~~~~             
../kernel/sched/fair.c:9155:13: warning: 'hmp_migrate_runnable_task' defined but not used [-Wunused-function]
 static void hmp_migrate_runnable_task(struct rq *rq)
             ^~~~~~~~~~~~~~~~~~~~~~~~~
../kernel/trace/trace.c:5290:37: warning: 'tracing_max_lat_fops' defined but not used [-Wunused-const-variable=]
 static const struct file_operations tracing_max_lat_fops = {
                                     ^~~~~~~~~~~~~~~~~~~~
../kernel/audit.c: In function 'audit_netlink_ok':
../kernel/audit.c:676:22: warning: self-comparison always evaluates to false [-Wtautological-compare]
  if (current_user_ns() != &init_user_ns)
                      ^~
../fs/sdcardfs/packagelist.c:51:20: warning: 'kgroups' defined but not used [-Wunused-const-variable=]
 static const gid_t kgroups[1] = { AID_PACKAGE_INFO };
                    ^~~~~~~
../kernel/taskstats.c: In function 'add_del_listener':
../kernel/taskstats.c:298:22: warning: self-comparison always evaluates to false [-Wtautological-compare]
  if (current_user_ns() != &init_user_ns)
                      ^~
../net/core/rtnetlink.c:1214:32: warning: 'ifla_vf_policy' defined but not used [-Wunused-const-variable=]
 static const struct nla_policy ifla_vf_policy[IFLA_VF_MAX+1] = {
                                ^~~~~~~~~~~~~~
../net/core/rtnetlink.c:1210:32: warning: 'ifla_vfinfo_policy' defined but not used [-Wunused-const-variable=]
 static const struct nla_policy ifla_vfinfo_policy[IFLA_VF_INFO_MAX+1] = {
                                ^~~~~~~~~~~~~~~~~~
../net/core/net-sysfs.c:30:19: warning: 'fmt_long_hex' defined but not used [-Wunused-const-variable=]
 static const char fmt_long_hex[] = "%#lx\n";
                   ^~~~~~~~~~~~
../net/ipv4/arp.c:152:31: warning: 'arp_broken_ops' defined but not used [-Wunused-const-variable=]
 static const struct neigh_ops arp_broken_ops = {
                               ^~~~~~~~~~~~~~
../net/ipv4/ping.c:1140:36: warning: 'ping_v4_seq_ops' defined but not used [-Wunused-const-variable=]
 static const struct seq_operations ping_v4_seq_ops = {
                                    ^~~~~~~~~~~~~~~
../drivers/iio/adc/exynos_adc.c:790:32: warning: 'exynos_adc_pm_ops' defined but not used [-Wunused-const-variable=]
 static SIMPLE_DEV_PM_OPS(exynos_adc_pm_ops,
                                ^~~~~~~~~~~~     
../drivers/misc/modem_v1/modem_main.c:715:37: warning: 'simslot_count_fops' defined but not used [-Wunused-const-variable=]
 static const struct file_operations simslot_count_fops = {
                                     ^~~~~~~~~~~~~~~~~~
../drivers/media/platform/exynos/fimc-is2/fimc-is-debug.c:737:37: warning: 'debug_img_fops' defined but not used [-Wunused-const-variable=]
 static const struct file_operations debug_img_fops = {
                                     ^~~~~~~~~~~~~~
Using built-in specs.
COLLECT_GCC=/home/xdavn/gcc/bin/aarch64-cortex_a53-linux-gnueabi-gcc
Target: aarch64-cortex_a53-linux-gnueabi
Configured with: /home/tkkg1994/Downloads/toolchain/crosstool-ng/.build/src/gcc-6.3.0/configure --build=x86_64-build_pc-linux-gnu --host=x86_64-build_pc-linux-gnu --target=aarch64-cortex_a53-linux-gnueabi --prefix=/home/tkkg1994/x-tools/aarch64-cortex_a53-linux-gnueabi --with-sysroot=/home/tkkg1994/x-tools/aarch64-cortex_a53-linux-gnueabi/aarch64-cortex_a53-linux-gnueabi/sysroot --enable-languages=c,c++ --with-cpu=cortex-a53 --with-pkgversion='crosstool-NG crosstool-ng-1.22.0-423-g949cc86 - GNU GCC 6.3.0 - Cortex-A53' --enable-__cxa_atexit --disable-libmudflap --disable-libgomp --disable-libssp --disable-libquadmath --disable-libquadmath-support --disable-libsanitizer --disable-libmpx --with-gmp=/home/tkkg1994/Downloads/toolchain/crosstool-ng/.build/aarch64-cortex_a53-linux-gnueabi/buildtools --with-mpfr=/home/tkkg1994/Downloads/toolchain/crosstool-ng/.build/aarch64-cortex_a53-linux-gnueabi/buildtools --with-mpc=/home/tkkg1994/Downloads/toolchain/crosstool-ng/.build/aarch64-cortex_a53-linux-gnueabi/buildtools --with-isl=/home/tkkg1994/Downloads/toolchain/crosstool-ng/.build/aarch64-cortex_a53-linux-gnueabi/buildtools --enable-lto --with-host-libstdcxx='-static-libgcc -Wl,-Bstatic,-lstdc++,-Bdynamic -lm' --enable-threads=posix --enable-target-optspace --enable-plugin --enable-gold --disable-nls --disable-multilib --with-local-prefix=/home/tkkg1994/x-tools/aarch64-cortex_a53-linux-gnueabi/aarch64-cortex_a53-linux-gnueabi/sysroot --enable-long-long
Thread model: posix
gcc version 6.3.0 (crosstool-NG crosstool-ng-1.22.0-423-g949cc86 - GNU GCC 6.3.0 - Cortex-A53) 
COLLECT_GCC_OPTIONS='-nostdinc' '-isystem' '/home/xdavn/gcc/bin/../lib/gcc/aarch64-cortex_a53-linux-gnueabi/6.3.0/include' '-I' '../arch/arm64/include' '-I' 'arch/arm64/include/generated' '-I' '../include' '-I' 'include' '-I' '../arch/arm64/include/uapi' '-I' 'arch/arm64/include/generated/uapi' '-I' '../include/uapi' '-I' 'include/generated/uapi' '-include' '../include/linux/kconfig.h' '-I' '../drivers/media/tdmb' '-I' 'drivers/media/tdmb' '-D' '__KERNEL__' '-mlittle-endian' '-Wall' '-Wundef' '-Wstrict-prototypes' '-Wno-trigraphs' '-fno-strict-aliasing' '-fno-common' '-Werror=implicit-function-declaration' '-Wno-format-security' '-std=gnu90' '-D' 'ANDROID_VERSION=700000' '-D' 'ANDROID_MAJOR_VERSION=7' '-mcpu=exynos-m1' '-mtune=exynos-m1' '-mgeneral-regs-only' '-fno-pic' '-fno-delete-null-pointer-checks' '-Wno-maybe-uninitialized' '-Os' '-g0' '-D' 'NDEBUG' '-mtune=exynos-m1' '-fgcse-las' '-fgcse-lm' '-fgcse-sm' '-fgraphite' '-fgraphite-identity' '-fivopts' '-fmodulo-sched' '-fmodulo-sched-allow-regmoves' '-ftree-loop-distribution' '-ftree-loop-im' '-ftree-loop-ivcanon' '-floop-nest-optimize' '-ftree-vectorize' '-funroll-loops' '-mlow-precision-recip-sqrt' '-mpc-relative-literal-loads' '--param' 'allow-store-data-races=0' '-Wframe-larger-than=2048' '-fno-stack-protector' '-Wno-unused-but-set-variable' '-fno-omit-frame-pointer' '-fno-optimize-sibling-calls' '-fno-var-tracking-assignments' '-g' '-Wdeclaration-after-statement' '-Wno-pointer-sign' '-fno-strict-overflow' '-fconserve-stack' '-Werror=implicit-int' '-Werror=strict-prototypes' '-Werror=date-time' '-D' 'CC_HAVE_ASM_GOTO' '-I' '../drivers/media/tdmb' '-I' 'drivers/media/tdmb' '-v' '-I' '../drivers/media/tdmb/mtv319' '-I' 'drivers/media/tdmb/mtv319' '-D' 'KBUILD_STR(s)=#s' '-D' 'KBUILD_BASENAME=KBUILD_STR(tdmb)' '-D' 'KBUILD_MODNAME=KBUILD_STR(tdmb)' '-c' '-MQ' 'drivers/media/tdmb/tdmb.o' '-E' '-mabi=lp64'
 /home/xdavn/gcc/bin/../libexec/gcc/aarch64-cortex_a53-linux-gnueabi/6.3.0/cc1 -E -quiet -nostdinc -v -I ../arch/arm64/include -I arch/arm64/include/generated -I ../include -I include -I ../arch/arm64/include/uapi -I arch/arm64/include/generated/uapi -I ../include/uapi -I include/generated/uapi -I ../drivers/media/tdmb -I drivers/media/tdmb -I ../drivers/media/tdmb -I drivers/media/tdmb -I ../drivers/media/tdmb/mtv319 -I drivers/media/tdmb/mtv319 -iprefix /home/xdavn/gcc/bin/../lib/gcc/aarch64-cortex_a53-linux-gnueabi/6.3.0/ -isysroot /home/xdavn/gcc/bin/../aarch64-cortex_a53-linux-gnueabi/sysroot -MQ drivers/media/tdmb/tdmb.o -D __KERNEL__ -D ANDROID_VERSION=700000 -D ANDROID_MAJOR_VERSION=7 -D NDEBUG -D CC_HAVE_ASM_GOTO -D KBUILD_STR(s)=#s -D KBUILD_BASENAME=KBUILD_STR(tdmb) -D KBUILD_MODNAME=KBUILD_STR(tdmb) -isystem /home/xdavn/gcc/bin/../lib/gcc/aarch64-cortex_a53-linux-gnueabi/6.3.0/include -include ../include/linux/kconfig.h -MD drivers/media/tdmb/.tdmb.o.d ../drivers/media/tdmb/tdmb.c -mlittle-endian -mcpu=exynos-m1 -mtune=exynos-m1 -mgeneral-regs-only -mtune=exynos-m1 -mlow-precision-recip-sqrt -mpc-relative-literal-loads -mabi=lp64 -std=gnu90 -Wall -Wundef -Wstrict-prototypes -Wno-trigraphs -Werror=implicit-function-declaration -Wno-format-security -Wno-maybe-uninitialized -Wframe-larger-than=2048 -Wno-unused-but-set-variable -Wdeclaration-after-statement -Wno-pointer-sign -Werror=implicit-int -Werror=strict-prototypes -Werror=date-time -fno-strict-aliasing -fno-common -fno-pic -fno-delete-null-pointer-checks -fgcse-las -fgcse-lm -fgcse-sm -fgraphite -fgraphite-identity -fivopts -fmodulo-sched -fmodulo-sched-allow-regmoves -ftree-loop-distribution -ftree-loop-im -ftree-loop-ivcanon -floop-nest-optimize -ftree-vectorize -funroll-loops -fno-stack-protector -fno-omit-frame-pointer -fno-optimize-sibling-calls -fno-var-tracking-assignments -fno-strict-overflow -fconserve-stack -Os
ignoring duplicate directory "../drivers/media/tdmb"
ignoring duplicate directory "drivers/media/tdmb"
#include "..." search starts here:
#include <...> search starts here:
 ../arch/arm64/include
 arch/arm64/include/generated
 ../include
 include
 ../arch/arm64/include/uapi
 arch/arm64/include/generated/uapi
 ../include/uapi
 include/generated/uapi
 ../drivers/media/tdmb
 drivers/media/tdmb
 ../drivers/media/tdmb/mtv319
 drivers/media/tdmb/mtv319
 /home/xdavn/gcc/bin/../lib/gcc/aarch64-cortex_a53-linux-gnueabi/6.3.0/include
End of search list.
COMPILER_PATH=/home/xdavn/gcc/bin/../libexec/gcc/aarch64-cortex_a53-linux-gnueabi/6.3.0/:/home/xdavn/gcc/bin/../libexec/gcc/:/home/xdavn/gcc/bin/../lib/gcc/aarch64-cortex_a53-linux-gnueabi/6.3.0/../../../../aarch64-cortex_a53-linux-gnueabi/bin/
LIBRARY_PATH=/home/xdavn/gcc/bin/../lib/gcc/aarch64-cortex_a53-linux-gnueabi/6.3.0/:/home/xdavn/gcc/bin/../lib/gcc/:/home/xdavn/gcc/bin/../lib/gcc/aarch64-cortex_a53-linux-gnueabi/6.3.0/../../../../aarch64-cortex_a53-linux-gnueabi/lib/../lib64/:/home/xdavn/gcc/bin/../aarch64-cortex_a53-linux-gnueabi/sysroot/lib/../lib64/:/home/xdavn/gcc/bin/../aarch64-cortex_a53-linux-gnueabi/sysroot/usr/lib/../lib64/:/home/xdavn/gcc/bin/../lib/gcc/aarch64-cortex_a53-linux-gnueabi/6.3.0/../../../../aarch64-cortex_a53-linux-gnueabi/lib/:/home/xdavn/gcc/bin/../aarch64-cortex_a53-linux-gnueabi/sysroot/lib/:/home/xdavn/gcc/bin/../aarch64-cortex_a53-linux-gnueabi/sysroot/usr/lib/
COLLECT_GCC_OPTIONS='-nostdinc' '-isystem' '/home/xdavn/gcc/bin/../lib/gcc/aarch64-cortex_a53-linux-gnueabi/6.3.0/include' '-I' '../arch/arm64/include' '-I' 'arch/arm64/include/generated' '-I' '../include' '-I' 'include' '-I' '../arch/arm64/include/uapi' '-I' 'arch/arm64/include/generated/uapi' '-I' '../include/uapi' '-I' 'include/generated/uapi' '-include' '../include/linux/kconfig.h' '-I' '../drivers/media/tdmb' '-I' 'drivers/media/tdmb' '-D' '__KERNEL__' '-mlittle-endian' '-Wall' '-Wundef' '-Wstrict-prototypes' '-Wno-trigraphs' '-fno-strict-aliasing' '-fno-common' '-Werror=implicit-function-declaration' '-Wno-format-security' '-std=gnu90' '-D' 'ANDROID_VERSION=700000' '-D' 'ANDROID_MAJOR_VERSION=7' '-mcpu=exynos-m1' '-mtune=exynos-m1' '-mgeneral-regs-only' '-fno-pic' '-fno-delete-null-pointer-checks' '-Wno-maybe-uninitialized' '-Os' '-g0' '-D' 'NDEBUG' '-mtune=exynos-m1' '-fgcse-las' '-fgcse-lm' '-fgcse-sm' '-fgraphite' '-fgraphite-identity' '-fivopts' '-fmodulo-sched' '-fmodulo-sched-allow-regmoves' '-ftree-loop-distribution' '-ftree-loop-im' '-ftree-loop-ivcanon' '-floop-nest-optimize' '-ftree-vectorize' '-funroll-loops' '-mlow-precision-recip-sqrt' '-mpc-relative-literal-loads' '--param' 'allow-store-data-races=0' '-Wframe-larger-than=2048' '-fno-stack-protector' '-Wno-unused-but-set-variable' '-fno-omit-frame-pointer' '-fno-optimize-sibling-calls' '-fno-var-tracking-assignments' '-g' '-Wdeclaration-after-statement' '-Wno-pointer-sign' '-fno-strict-overflow' '-fconserve-stack' '-Werror=implicit-int' '-Werror=strict-prototypes' '-Werror=date-time' '-D' 'CC_HAVE_ASM_GOTO' '-I' '../drivers/media/tdmb' '-I' 'drivers/media/tdmb' '-v' '-I' '../drivers/media/tdmb/mtv319' '-I' 'drivers/media/tdmb/mtv319' '-D' 'KBUILD_STR(s)=#s' '-D' 'KBUILD_BASENAME=KBUILD_STR(tdmb)' '-D' 'KBUILD_MODNAME=KBUILD_STR(tdmb)' '-c' '-MQ' 'drivers/media/tdmb/tdmb.o' '-E' '-mabi=lp64'
Using built-in specs.
COLLECT_GCC=/home/xdavn/gcc/bin/aarch64-cortex_a53-linux-gnueabi-gcc
Target: aarch64-cortex_a53-linux-gnueabi
Configured with: /home/tkkg1994/Downloads/toolchain/crosstool-ng/.build/src/gcc-6.3.0/configure --build=x86_64-build_pc-linux-gnu --host=x86_64-build_pc-linux-gnu --target=aarch64-cortex_a53-linux-gnueabi --prefix=/home/tkkg1994/x-tools/aarch64-cortex_a53-linux-gnueabi --with-sysroot=/home/tkkg1994/x-tools/aarch64-cortex_a53-linux-gnueabi/aarch64-cortex_a53-linux-gnueabi/sysroot --enable-languages=c,c++ --with-cpu=cortex-a53 --with-pkgversion='crosstool-NG crosstool-ng-1.22.0-423-g949cc86 - GNU GCC 6.3.0 - Cortex-A53' --enable-__cxa_atexit --disable-libmudflap --disable-libgomp --disable-libssp --disable-libquadmath --disable-libquadmath-support --disable-libsanitizer --disable-libmpx --with-gmp=/home/tkkg1994/Downloads/toolchain/crosstool-ng/.build/aarch64-cortex_a53-linux-gnueabi/buildtools --with-mpfr=/home/tkkg1994/Downloads/toolchain/crosstool-ng/.build/aarch64-cortex_a53-linux-gnueabi/buildtools --with-mpc=/home/tkkg1994/Downloads/toolchain/crosstool-ng/.build/aarch64-cortex_a53-linux-gnueabi/buildtools --with-isl=/home/tkkg1994/Downloads/toolchain/crosstool-ng/.build/aarch64-cortex_a53-linux-gnueabi/buildtools --enable-lto --with-host-libstdcxx='-static-libgcc -Wl,-Bstatic,-lstdc++,-Bdynamic -lm' --enable-threads=posix --enable-target-optspace --enable-plugin --enable-gold --disable-nls --disable-multilib --with-local-prefix=/home/tkkg1994/x-tools/aarch64-cortex_a53-linux-gnueabi/aarch64-cortex_a53-linux-gnueabi/sysroot --enable-long-long
Thread model: posix
gcc version 6.3.0 (crosstool-NG crosstool-ng-1.22.0-423-g949cc86 - GNU GCC 6.3.0 - Cortex-A53) 
COLLECT_GCC_OPTIONS='-nostdinc' '-isystem' '/home/xdavn/gcc/bin/../lib/gcc/aarch64-cortex_a53-linux-gnueabi/6.3.0/include' '-I' '../arch/arm64/include' '-I' 'arch/arm64/include/generated' '-I' '../include' '-I' 'include' '-I' '../arch/arm64/include/uapi' '-I' 'arch/arm64/include/generated/uapi' '-I' '../include/uapi' '-I' 'include/generated/uapi' '-include' '../include/linux/kconfig.h' '-I' '../drivers/media/tdmb' '-I' 'drivers/media/tdmb' '-D' '__KERNEL__' '-mlittle-endian' '-Wall' '-Wundef' '-Wstrict-prototypes' '-Wno-trigraphs' '-fno-strict-aliasing' '-fno-common' '-Werror=implicit-function-declaration' '-Wno-format-security' '-std=gnu90' '-D' 'ANDROID_VERSION=700000' '-D' 'ANDROID_MAJOR_VERSION=7' '-mcpu=exynos-m1' '-mtune=exynos-m1' '-mgeneral-regs-only' '-fno-pic' '-fno-delete-null-pointer-checks' '-Wno-maybe-uninitialized' '-Os' '-g0' '-D' 'NDEBUG' '-mtune=exynos-m1' '-fgcse-las' '-fgcse-lm' '-fgcse-sm' '-fgraphite' '-fgraphite-identity' '-fivopts' '-fmodulo-sched' '-fmodulo-sched-allow-regmoves' '-ftree-loop-distribution' '-ftree-loop-im' '-ftree-loop-ivcanon' '-floop-nest-optimize' '-ftree-vectorize' '-funroll-loops' '-mlow-precision-recip-sqrt' '-mpc-relative-literal-loads' '--param' 'allow-store-data-races=0' '-Wframe-larger-than=2048' '-fno-stack-protector' '-Wno-unused-but-set-variable' '-fno-omit-frame-pointer' '-fno-optimize-sibling-calls' '-fno-var-tracking-assignments' '-g' '-Wdeclaration-after-statement' '-Wno-pointer-sign' '-fno-strict-overflow' '-fconserve-stack' '-Werror=implicit-int' '-Werror=strict-prototypes' '-Werror=date-time' '-D' 'CC_HAVE_ASM_GOTO' '-I' '../drivers/media/tdmb' '-I' 'drivers/media/tdmb' '-v' '-I' '../drivers/media/tdmb/mtv319' '-I' 'drivers/media/tdmb/mtv319' '-D' 'KBUILD_STR(s)=#s' '-D' 'KBUILD_BASENAME=KBUILD_STR(tdmb)' '-D' 'KBUILD_MODNAME=KBUILD_STR(tdmb)' '-c' '-o' '/home/xdavn/.ccache/0/3/f08ca77e9b55ee5645ef9ef7f71ba4-985650.o.tmp.server.32700' '-mabi=lp64'
 /home/xdavn/gcc/bin/../libexec/gcc/aarch64-cortex_a53-linux-gnueabi/6.3.0/cc1 -fpreprocessed /home/xdavn/.ccache/tmp/tdmb.tmp.server.32700.i -quiet -dumpbase tdmb.tmp.server.32700.i -mlittle-endian -mcpu=exynos-m1 -mtune=exynos-m1 -mgeneral-regs-only -mtune=exynos-m1 -mlow-precision-recip-sqrt -mpc-relative-literal-loads -mabi=lp64 -auxbase-strip /home/xdavn/.ccache/0/3/f08ca77e9b55ee5645ef9ef7f71ba4-985650.o.tmp.server.32700 -g0 -g -Os -Wall -Wundef -Wstrict-prototypes -Wno-trigraphs -Werror=implicit-function-declaration -Wno-format-security -Wno-maybe-uninitialized -Wframe-larger-than=2048 -Wno-unused-but-set-variable -Wdeclaration-after-statement -Wno-pointer-sign -Werror=implicit-int -Werror=strict-prototypes -Werror=date-time -std=gnu90 -version -fno-strict-aliasing -fno-common -fno-pic -fno-delete-null-pointer-checks -fgcse-las -fgcse-lm -fgcse-sm -fgraphite -fgraphite-identity -fivopts -fmodulo-sched -fmodulo-sched-allow-regmoves -ftree-loop-distribution -ftree-loop-im -ftree-loop-ivcanon -floop-nest-optimize -ftree-vectorize -funroll-loops -fno-stack-protector -fno-omit-frame-pointer -fno-optimize-sibling-calls -fno-var-tracking-assignments -fno-strict-overflow -fconserve-stack --param allow-store-data-races=0 -o /tmp/ccRzY7Dx.s
GNU C89 (crosstool-NG crosstool-ng-1.22.0-423-g949cc86 - GNU GCC 6.3.0 - Cortex-A53) version 6.3.0 (aarch64-cortex_a53-linux-gnueabi)
	compiled by GNU C version 6.2.0 20161005, GMP version 6.1.2, MPFR version 3.1.5, MPC version 1.0.3, isl version 0.15
GGC heuristics: --param ggc-min-expand=100 --param ggc-min-heapsize=131072
GNU C89 (crosstool-NG crosstool-ng-1.22.0-423-g949cc86 - GNU GCC 6.3.0 - Cortex-A53) version 6.3.0 (aarch64-cortex_a53-linux-gnueabi)
	compiled by GNU C version 6.2.0 20161005, GMP version 6.1.2, MPFR version 3.1.5, MPC version 1.0.3, isl version 0.15
GGC heuristics: --param ggc-min-expand=100 --param ggc-min-heapsize=131072
Compiler executable checksum: 0c5c8c7ab5dbaaba4697ed2a435694a7
COLLECT_GCC_OPTIONS='-nostdinc' '-isystem' '/home/xdavn/gcc/bin/../lib/gcc/aarch64-cortex_a53-linux-gnueabi/6.3.0/include' '-I' '../arch/arm64/include' '-I' 'arch/arm64/include/generated' '-I' '../include' '-I' 'include' '-I' '../arch/arm64/include/uapi' '-I' 'arch/arm64/include/generated/uapi' '-I' '../include/uapi' '-I' 'include/generated/uapi' '-include' '../include/linux/kconfig.h' '-I' '../drivers/media/tdmb' '-I' 'drivers/media/tdmb' '-D' '__KERNEL__' '-mlittle-endian' '-Wall' '-Wundef' '-Wstrict-prototypes' '-Wno-trigraphs' '-fno-strict-aliasing' '-fno-common' '-Werror=implicit-function-declaration' '-Wno-format-security' '-std=gnu90' '-D' 'ANDROID_VERSION=700000' '-D' 'ANDROID_MAJOR_VERSION=7' '-mcpu=exynos-m1' '-mtune=exynos-m1' '-mgeneral-regs-only' '-fno-pic' '-fno-delete-null-pointer-checks' '-Wno-maybe-uninitialized' '-Os' '-g0' '-D' 'NDEBUG' '-mtune=exynos-m1' '-fgcse-las' '-fgcse-lm' '-fgcse-sm' '-fgraphite' '-fgraphite-identity' '-fivopts' '-fmodulo-sched' '-fmodulo-sched-allow-regmoves' '-ftree-loop-distribution' '-ftree-loop-im' '-ftree-loop-ivcanon' '-floop-nest-optimize' '-ftree-vectorize' '-funroll-loops' '-mlow-precision-recip-sqrt' '-mpc-relative-literal-loads' '--param' 'allow-store-data-races=0' '-Wframe-larger-than=2048' '-fno-stack-protector' '-Wno-unused-but-set-variable' '-fno-omit-frame-pointer' '-fno-optimize-sibling-calls' '-fno-var-tracking-assignments' '-g' '-Wdeclaration-after-statement' '-Wno-pointer-sign' '-fno-strict-overflow' '-fconserve-stack' '-Werror=implicit-int' '-Werror=strict-prototypes' '-Werror=date-time' '-D' 'CC_HAVE_ASM_GOTO' '-I' '../drivers/media/tdmb' '-I' 'drivers/media/tdmb' '-v' '-I' '../drivers/media/tdmb/mtv319' '-I' 'drivers/media/tdmb/mtv319' '-D' 'KBUILD_STR(s)=#s' '-D' 'KBUILD_BASENAME=KBUILD_STR(tdmb)' '-D' 'KBUILD_MODNAME=KBUILD_STR(tdmb)' '-c' '-o' '/home/xdavn/.ccache/0/3/f08ca77e9b55ee5645ef9ef7f71ba4-985650.o.tmp.server.32700' '-mabi=lp64'
 /home/xdavn/gcc/bin/../lib/gcc/aarch64-cortex_a53-linux-gnueabi/6.3.0/../../../../aarch64-cortex_a53-linux-gnueabi/bin/as -v -I ../arch/arm64/include -I arch/arm64/include/generated -I ../include -I include -I ../arch/arm64/include/uapi -I arch/arm64/include/generated/uapi -I ../include/uapi -I include/generated/uapi -I ../drivers/media/tdmb -I drivers/media/tdmb -I ../drivers/media/tdmb -I drivers/media/tdmb -I ../drivers/media/tdmb/mtv319 -I drivers/media/tdmb/mtv319 -EL -march=armv8-a+crypto+crc -mabi=lp64 -o /home/xdavn/.ccache/0/3/f08ca77e9b55ee5645ef9ef7f71ba4-985650.o.tmp.server.32700 /tmp/ccRzY7Dx.s
GNU assembler version 2.27 (aarch64-cortex_a53-linux-gnueabi) using BFD version (crosstool-NG crosstool-ng-1.22.0-423-g949cc86 - GNU GCC 6.3.0 - Cortex-A53) 2.27
COMPILER_PATH=/home/xdavn/gcc/bin/../libexec/gcc/aarch64-cortex_a53-linux-gnueabi/6.3.0/:/home/xdavn/gcc/bin/../libexec/gcc/:/home/xdavn/gcc/bin/../lib/gcc/aarch64-cortex_a53-linux-gnueabi/6.3.0/../../../../aarch64-cortex_a53-linux-gnueabi/bin/
LIBRARY_PATH=/home/xdavn/gcc/bin/../lib/gcc/aarch64-cortex_a53-linux-gnueabi/6.3.0/:/home/xdavn/gcc/bin/../lib/gcc/:/home/xdavn/gcc/bin/../lib/gcc/aarch64-cortex_a53-linux-gnueabi/6.3.0/../../../../aarch64-cortex_a53-linux-gnueabi/lib/../lib64/:/home/xdavn/gcc/bin/../aarch64-cortex_a53-linux-gnueabi/sysroot/lib/../lib64/:/home/xdavn/gcc/bin/../aarch64-cortex_a53-linux-gnueabi/sysroot/usr/lib/../lib64/:/home/xdavn/gcc/bin/../lib/gcc/aarch64-cortex_a53-linux-gnueabi/6.3.0/../../../../aarch64-cortex_a53-linux-gnueabi/lib/:/home/xdavn/gcc/bin/../aarch64-cortex_a53-linux-gnueabi/sysroot/lib/:/home/xdavn/gcc/bin/../aarch64-cortex_a53-linux-gnueabi/sysroot/usr/lib/
COLLECT_GCC_OPTIONS='-nostdinc' '-isystem' '/home/xdavn/gcc/bin/../lib/gcc/aarch64-cortex_a53-linux-gnueabi/6.3.0/include' '-I' '../arch/arm64/include' '-I' 'arch/arm64/include/generated' '-I' '../include' '-I' 'include' '-I' '../arch/arm64/include/uapi' '-I' 'arch/arm64/include/generated/uapi' '-I' '../include/uapi' '-I' 'include/generated/uapi' '-include' '../include/linux/kconfig.h' '-I' '../drivers/media/tdmb' '-I' 'drivers/media/tdmb' '-D' '__KERNEL__' '-mlittle-endian' '-Wall' '-Wundef' '-Wstrict-prototypes' '-Wno-trigraphs' '-fno-strict-aliasing' '-fno-common' '-Werror=implicit-function-declaration' '-Wno-format-security' '-std=gnu90' '-D' 'ANDROID_VERSION=700000' '-D' 'ANDROID_MAJOR_VERSION=7' '-mcpu=exynos-m1' '-mtune=exynos-m1' '-mgeneral-regs-only' '-fno-pic' '-fno-delete-null-pointer-checks' '-Wno-maybe-uninitialized' '-Os' '-g0' '-D' 'NDEBUG' '-mtune=exynos-m1' '-fgcse-las' '-fgcse-lm' '-fgcse-sm' '-fgraphite' '-fgraphite-identity' '-fivopts' '-fmodulo-sched' '-fmodulo-sched-allow-regmoves' '-ftree-loop-distribution' '-ftree-loop-im' '-ftree-loop-ivcanon' '-floop-nest-optimize' '-ftree-vectorize' '-funroll-loops' '-mlow-precision-recip-sqrt' '-mpc-relative-literal-loads' '--param' 'allow-store-data-races=0' '-Wframe-larger-than=2048' '-fno-stack-protector' '-Wno-unused-but-set-variable' '-fno-omit-frame-pointer' '-fno-optimize-sibling-calls' '-fno-var-tracking-assignments' '-g' '-Wdeclaration-after-statement' '-Wno-pointer-sign' '-fno-strict-overflow' '-fconserve-stack' '-Werror=implicit-int' '-Werror=strict-prototypes' '-Werror=date-time' '-D' 'CC_HAVE_ASM_GOTO' '-I' '../drivers/media/tdmb' '-I' 'drivers/media/tdmb' '-v' '-I' '../drivers/media/tdmb/mtv319' '-I' 'drivers/media/tdmb/mtv319' '-D' 'KBUILD_STR(s)=#s' '-D' 'KBUILD_BASENAME=KBUILD_STR(tdmb)' '-D' 'KBUILD_MODNAME=KBUILD_STR(tdmb)' '-c' '-o' '/home/xdavn/.ccache/0/3/f08ca77e9b55ee5645ef9ef7f71ba4-985650.o.tmp.server.32700' '-mabi=lp64'
Using built-in specs.
COLLECT_GCC=/home/xdavn/gcc/bin/aarch64-cortex_a53-linux-gnueabi-gcc
Target: aarch64-cortex_a53-linux-gnueabi
Configured with: /home/tkkg1994/Downloads/toolchain/crosstool-ng/.build/src/gcc-6.3.0/configure --build=x86_64-build_pc-linux-gnu --host=x86_64-build_pc-linux-gnu --target=aarch64-cortex_a53-linux-gnueabi --prefix=/home/tkkg1994/x-tools/aarch64-cortex_a53-linux-gnueabi --with-sysroot=/home/tkkg1994/x-tools/aarch64-cortex_a53-linux-gnueabi/aarch64-cortex_a53-linux-gnueabi/sysroot --enable-languages=c,c++ --with-cpu=cortex-a53 --with-pkgversion='crosstool-NG crosstool-ng-1.22.0-423-g949cc86 - GNU GCC 6.3.0 - Cortex-A53' --enable-__cxa_atexit --disable-libmudflap --disable-libgomp --disable-libssp --disable-libquadmath --disable-libquadmath-support --disable-libsanitizer --disable-libmpx --with-gmp=/home/tkkg1994/Downloads/toolchain/crosstool-ng/.build/aarch64-cortex_a53-linux-gnueabi/buildtools --with-mpfr=/home/tkkg1994/Downloads/toolchain/crosstool-ng/.build/aarch64-cortex_a53-linux-gnueabi/buildtools --with-mpc=/home/tkkg1994/Downloads/toolchain/crosstool-ng/.build/aarch64-cortex_a53-linux-gnueabi/buildtools --with-isl=/home/tkkg1994/Downloads/toolchain/crosstool-ng/.build/aarch64-cortex_a53-linux-gnueabi/buildtools --enable-lto --with-host-libstdcxx='-static-libgcc -Wl,-Bstatic,-lstdc++,-Bdynamic -lm' --enable-threads=posix --enable-target-optspace --enable-plugin --enable-gold --disable-nls --disable-multilib --with-local-prefix=/home/tkkg1994/x-tools/aarch64-cortex_a53-linux-gnueabi/aarch64-cortex_a53-linux-gnueabi/sysroot --enable-long-long
Thread model: posix
gcc version 6.3.0 (crosstool-NG crosstool-ng-1.22.0-423-g949cc86 - GNU GCC 6.3.0 - Cortex-A53) 
COLLECT_GCC_OPTIONS='-nostdinc' '-isystem' '/home/xdavn/gcc/bin/../lib/gcc/aarch64-cortex_a53-linux-gnueabi/6.3.0/include' '-I' '../arch/arm64/include' '-I' 'arch/arm64/include/generated' '-I' '../include' '-I' 'include' '-I' '../arch/arm64/include/uapi' '-I' 'arch/arm64/include/generated/uapi' '-I' '../include/uapi' '-I' 'include/generated/uapi' '-include' '../include/linux/kconfig.h' '-I' '../drivers/media/tdmb' '-I' 'drivers/media/tdmb' '-D' '__KERNEL__' '-mlittle-endian' '-Wall' '-Wundef' '-Wstrict-prototypes' '-Wno-trigraphs' '-fno-strict-aliasing' '-fno-common' '-Werror=implicit-function-declaration' '-Wno-format-security' '-std=gnu90' '-D' 'ANDROID_VERSION=700000' '-D' 'ANDROID_MAJOR_VERSION=7' '-mcpu=exynos-m1' '-mtune=exynos-m1' '-mgeneral-regs-only' '-fno-pic' '-fno-delete-null-pointer-checks' '-Wno-maybe-uninitialized' '-Os' '-g0' '-D' 'NDEBUG' '-mtune=exynos-m1' '-fgcse-las' '-fgcse-lm' '-fgcse-sm' '-fgraphite' '-fgraphite-identity' '-fivopts' '-fmodulo-sched' '-fmodulo-sched-allow-regmoves' '-ftree-loop-distribution' '-ftree-loop-im' '-ftree-loop-ivcanon' '-floop-nest-optimize' '-ftree-vectorize' '-funroll-loops' '-mlow-precision-recip-sqrt' '-mpc-relative-literal-loads' '--param' 'allow-store-data-races=0' '-Wframe-larger-than=2048' '-fno-stack-protector' '-Wno-unused-but-set-variable' '-fno-omit-frame-pointer' '-fno-optimize-sibling-calls' '-fno-var-tracking-assignments' '-g' '-Wdeclaration-after-statement' '-Wno-pointer-sign' '-fno-strict-overflow' '-fconserve-stack' '-Werror=implicit-int' '-Werror=strict-prototypes' '-Werror=date-time' '-D' 'CC_HAVE_ASM_GOTO' '-I' '../drivers/media/tdmb' '-I' 'drivers/media/tdmb' '-v' '-I' '../drivers/media/tdmb/mtv319' '-I' 'drivers/media/tdmb/mtv319' '-D' 'KBUILD_STR(s)=#s' '-D' 'KBUILD_BASENAME=KBUILD_STR(tdmb_data)' '-D' 'KBUILD_MODNAME=KBUILD_STR(tdmb_data)' '-c' '-MQ' 'drivers/media/tdmb/tdmb_data.o' '-E' '-mabi=lp64'
 /home/xdavn/gcc/bin/../libexec/gcc/aarch64-cortex_a53-linux-gnueabi/6.3.0/cc1 -E -quiet -nostdinc -v -I ../arch/arm64/include -I arch/arm64/include/generated -I ../include -I include -I ../arch/arm64/include/uapi -I arch/arm64/include/generated/uapi -I ../include/uapi -I include/generated/uapi -I ../drivers/media/tdmb -I drivers/media/tdmb -I ../drivers/media/tdmb -I drivers/media/tdmb -I ../drivers/media/tdmb/mtv319 -I drivers/media/tdmb/mtv319 -iprefix /home/xdavn/gcc/bin/../lib/gcc/aarch64-cortex_a53-linux-gnueabi/6.3.0/ -isysroot /home/xdavn/gcc/bin/../aarch64-cortex_a53-linux-gnueabi/sysroot -MQ drivers/media/tdmb/tdmb_data.o -D __KERNEL__ -D ANDROID_VERSION=700000 -D ANDROID_MAJOR_VERSION=7 -D NDEBUG -D CC_HAVE_ASM_GOTO -D KBUILD_STR(s)=#s -D KBUILD_BASENAME=KBUILD_STR(tdmb_data) -D KBUILD_MODNAME=KBUILD_STR(tdmb_data) -isystem /home/xdavn/gcc/bin/../lib/gcc/aarch64-cortex_a53-linux-gnueabi/6.3.0/include -include ../include/linux/kconfig.h -MD drivers/media/tdmb/.tdmb_data.o.d ../drivers/media/tdmb/tdmb_data.c -mlittle-endian -mcpu=exynos-m1 -mtune=exynos-m1 -mgeneral-regs-only -mtune=exynos-m1 -mlow-precision-recip-sqrt -mpc-relative-literal-loads -mabi=lp64 -std=gnu90 -Wall -Wundef -Wstrict-prototypes -Wno-trigraphs -Werror=implicit-function-declaration -Wno-format-security -Wno-maybe-uninitialized -Wframe-larger-than=2048 -Wno-unused-but-set-variable -Wdeclaration-after-statement -Wno-pointer-sign -Werror=implicit-int -Werror=strict-prototypes -Werror=date-time -fno-strict-aliasing -fno-common -fno-pic -fno-delete-null-pointer-checks -fgcse-las -fgcse-lm -fgcse-sm -fgraphite -fgraphite-identity -fivopts -fmodulo-sched -fmodulo-sched-allow-regmoves -ftree-loop-distribution -ftree-loop-im -ftree-loop-ivcanon -floop-nest-optimize -ftree-vectorize -funroll-loops -fno-stack-protector -fno-omit-frame-pointer -fno-optimize-sibling-calls -fno-var-tracking-assignments -fno-strict-overflow -fconserve-stack -Os
ignoring duplicate directory "../drivers/media/tdmb"
ignoring duplicate directory "drivers/media/tdmb"
#include "..." search starts here:
#include <...> search starts here:
 ../arch/arm64/include
 arch/arm64/include/generated
 ../include
 include
 ../arch/arm64/include/uapi
 arch/arm64/include/generated/uapi
 ../include/uapi
 include/generated/uapi
 ../drivers/media/tdmb
 drivers/media/tdmb
 ../drivers/media/tdmb/mtv319
 drivers/media/tdmb/mtv319
 /home/xdavn/gcc/bin/../lib/gcc/aarch64-cortex_a53-linux-gnueabi/6.3.0/include
End of search list.
COMPILER_PATH=/home/xdavn/gcc/bin/../libexec/gcc/aarch64-cortex_a53-linux-gnueabi/6.3.0/:/home/xdavn/gcc/bin/../libexec/gcc/:/home/xdavn/gcc/bin/../lib/gcc/aarch64-cortex_a53-linux-gnueabi/6.3.0/../../../../aarch64-cortex_a53-linux-gnueabi/bin/
LIBRARY_PATH=/home/xdavn/gcc/bin/../lib/gcc/aarch64-cortex_a53-linux-gnueabi/6.3.0/:/home/xdavn/gcc/bin/../lib/gcc/:/home/xdavn/gcc/bin/../lib/gcc/aarch64-cortex_a53-linux-gnueabi/6.3.0/../../../../aarch64-cortex_a53-linux-gnueabi/lib/../lib64/:/home/xdavn/gcc/bin/../aarch64-cortex_a53-linux-gnueabi/sysroot/lib/../lib64/:/home/xdavn/gcc/bin/../aarch64-cortex_a53-linux-gnueabi/sysroot/usr/lib/../lib64/:/home/xdavn/gcc/bin/../lib/gcc/aarch64-cortex_a53-linux-gnueabi/6.3.0/../../../../aarch64-cortex_a53-linux-gnueabi/lib/:/home/xdavn/gcc/bin/../aarch64-cortex_a53-linux-gnueabi/sysroot/lib/:/home/xdavn/gcc/bin/../aarch64-cortex_a53-linux-gnueabi/sysroot/usr/lib/
COLLECT_GCC_OPTIONS='-nostdinc' '-isystem' '/home/xdavn/gcc/bin/../lib/gcc/aarch64-cortex_a53-linux-gnueabi/6.3.0/include' '-I' '../arch/arm64/include' '-I' 'arch/arm64/include/generated' '-I' '../include' '-I' 'include' '-I' '../arch/arm64/include/uapi' '-I' 'arch/arm64/include/generated/uapi' '-I' '../include/uapi' '-I' 'include/generated/uapi' '-include' '../include/linux/kconfig.h' '-I' '../drivers/media/tdmb' '-I' 'drivers/media/tdmb' '-D' '__KERNEL__' '-mlittle-endian' '-Wall' '-Wundef' '-Wstrict-prototypes' '-Wno-trigraphs' '-fno-strict-aliasing' '-fno-common' '-Werror=implicit-function-declaration' '-Wno-format-security' '-std=gnu90' '-D' 'ANDROID_VERSION=700000' '-D' 'ANDROID_MAJOR_VERSION=7' '-mcpu=exynos-m1' '-mtune=exynos-m1' '-mgeneral-regs-only' '-fno-pic' '-fno-delete-null-pointer-checks' '-Wno-maybe-uninitialized' '-Os' '-g0' '-D' 'NDEBUG' '-mtune=exynos-m1' '-fgcse-las' '-fgcse-lm' '-fgcse-sm' '-fgraphite' '-fgraphite-identity' '-fivopts' '-fmodulo-sched' '-fmodulo-sched-allow-regmoves' '-ftree-loop-distribution' '-ftree-loop-im' '-ftree-loop-ivcanon' '-floop-nest-optimize' '-ftree-vectorize' '-funroll-loops' '-mlow-precision-recip-sqrt' '-mpc-relative-literal-loads' '--param' 'allow-store-data-races=0' '-Wframe-larger-than=2048' '-fno-stack-protector' '-Wno-unused-but-set-variable' '-fno-omit-frame-pointer' '-fno-optimize-sibling-calls' '-fno-var-tracking-assignments' '-g' '-Wdeclaration-after-statement' '-Wno-pointer-sign' '-fno-strict-overflow' '-fconserve-stack' '-Werror=implicit-int' '-Werror=strict-prototypes' '-Werror=date-time' '-D' 'CC_HAVE_ASM_GOTO' '-I' '../drivers/media/tdmb' '-I' 'drivers/media/tdmb' '-v' '-I' '../drivers/media/tdmb/mtv319' '-I' 'drivers/media/tdmb/mtv319' '-D' 'KBUILD_STR(s)=#s' '-D' 'KBUILD_BASENAME=KBUILD_STR(tdmb_data)' '-D' 'KBUILD_MODNAME=KBUILD_STR(tdmb_data)' '-c' '-MQ' 'drivers/media/tdmb/tdmb_data.o' '-E' '-mabi=lp64'
Using built-in specs.
COLLECT_GCC=/home/xdavn/gcc/bin/aarch64-cortex_a53-linux-gnueabi-gcc
Target: aarch64-cortex_a53-linux-gnueabi
Configured with: /home/tkkg1994/Downloads/toolchain/crosstool-ng/.build/src/gcc-6.3.0/configure --build=x86_64-build_pc-linux-gnu --host=x86_64-build_pc-linux-gnu --target=aarch64-cortex_a53-linux-gnueabi --prefix=/home/tkkg1994/x-tools/aarch64-cortex_a53-linux-gnueabi --with-sysroot=/home/tkkg1994/x-tools/aarch64-cortex_a53-linux-gnueabi/aarch64-cortex_a53-linux-gnueabi/sysroot --enable-languages=c,c++ --with-cpu=cortex-a53 --with-pkgversion='crosstool-NG crosstool-ng-1.22.0-423-g949cc86 - GNU GCC 6.3.0 - Cortex-A53' --enable-__cxa_atexit --disable-libmudflap --disable-libgomp --disable-libssp --disable-libquadmath --disable-libquadmath-support --disable-libsanitizer --disable-libmpx --with-gmp=/home/tkkg1994/Downloads/toolchain/crosstool-ng/.build/aarch64-cortex_a53-linux-gnueabi/buildtools --with-mpfr=/home/tkkg1994/Downloads/toolchain/crosstool-ng/.build/aarch64-cortex_a53-linux-gnueabi/buildtools --with-mpc=/home/tkkg1994/Downloads/toolchain/crosstool-ng/.build/aarch64-cortex_a53-linux-gnueabi/buildtools --with-isl=/home/tkkg1994/Downloads/toolchain/crosstool-ng/.build/aarch64-cortex_a53-linux-gnueabi/buildtools --enable-lto --with-host-libstdcxx='-static-libgcc -Wl,-Bstatic,-lstdc++,-Bdynamic -lm' --enable-threads=posix --enable-target-optspace --enable-plugin --enable-gold --disable-nls --disable-multilib --with-local-prefix=/home/tkkg1994/x-tools/aarch64-cortex_a53-linux-gnueabi/aarch64-cortex_a53-linux-gnueabi/sysroot --enable-long-long
Thread model: posix
gcc version 6.3.0 (crosstool-NG crosstool-ng-1.22.0-423-g949cc86 - GNU GCC 6.3.0 - Cortex-A53) 
COLLECT_GCC_OPTIONS='-nostdinc' '-isystem' '/home/xdavn/gcc/bin/../lib/gcc/aarch64-cortex_a53-linux-gnueabi/6.3.0/include' '-I' '../arch/arm64/include' '-I' 'arch/arm64/include/generated' '-I' '../include' '-I' 'include' '-I' '../arch/arm64/include/uapi' '-I' 'arch/arm64/include/generated/uapi' '-I' '../include/uapi' '-I' 'include/generated/uapi' '-include' '../include/linux/kconfig.h' '-I' '../drivers/media/tdmb' '-I' 'drivers/media/tdmb' '-D' '__KERNEL__' '-mlittle-endian' '-Wall' '-Wundef' '-Wstrict-prototypes' '-Wno-trigraphs' '-fno-strict-aliasing' '-fno-common' '-Werror=implicit-function-declaration' '-Wno-format-security' '-std=gnu90' '-D' 'ANDROID_VERSION=700000' '-D' 'ANDROID_MAJOR_VERSION=7' '-mcpu=exynos-m1' '-mtune=exynos-m1' '-mgeneral-regs-only' '-fno-pic' '-fno-delete-null-pointer-checks' '-Wno-maybe-uninitialized' '-Os' '-g0' '-D' 'NDEBUG' '-mtune=exynos-m1' '-fgcse-las' '-fgcse-lm' '-fgcse-sm' '-fgraphite' '-fgraphite-identity' '-fivopts' '-fmodulo-sched' '-fmodulo-sched-allow-regmoves' '-ftree-loop-distribution' '-ftree-loop-im' '-ftree-loop-ivcanon' '-floop-nest-optimize' '-ftree-vectorize' '-funroll-loops' '-mlow-precision-recip-sqrt' '-mpc-relative-literal-loads' '--param' 'allow-store-data-races=0' '-Wframe-larger-than=2048' '-fno-stack-protector' '-Wno-unused-but-set-variable' '-fno-omit-frame-pointer' '-fno-optimize-sibling-calls' '-fno-var-tracking-assignments' '-g' '-Wdeclaration-after-statement' '-Wno-pointer-sign' '-fno-strict-overflow' '-fconserve-stack' '-Werror=implicit-int' '-Werror=strict-prototypes' '-Werror=date-time' '-D' 'CC_HAVE_ASM_GOTO' '-I' '../drivers/media/tdmb' '-I' 'drivers/media/tdmb' '-v' '-I' '../drivers/media/tdmb/mtv319' '-I' 'drivers/media/tdmb/mtv319' '-D' 'KBUILD_STR(s)=#s' '-D' 'KBUILD_BASENAME=KBUILD_STR(tdmb_data)' '-D' 'KBUILD_MODNAME=KBUILD_STR(tdmb_data)' '-c' '-o' '/home/xdavn/.ccache/c/9/65e8127af1fc3762a4dd8cce655f85-909703.o.tmp.server.32726' '-mabi=lp64'
 /home/xdavn/gcc/bin/../libexec/gcc/aarch64-cortex_a53-linux-gnueabi/6.3.0/cc1 -fpreprocessed /home/xdavn/.ccache/tmp/tdmb_data.tmp.server.32726.i -quiet -dumpbase tdmb_data.tmp.server.32726.i -mlittle-endian -mcpu=exynos-m1 -mtune=exynos-m1 -mgeneral-regs-only -mtune=exynos-m1 -mlow-precision-recip-sqrt -mpc-relative-literal-loads -mabi=lp64 -auxbase-strip /home/xdavn/.ccache/c/9/65e8127af1fc3762a4dd8cce655f85-909703.o.tmp.server.32726 -g0 -g -Os -Wall -Wundef -Wstrict-prototypes -Wno-trigraphs -Werror=implicit-function-declaration -Wno-format-security -Wno-maybe-uninitialized -Wframe-larger-than=2048 -Wno-unused-but-set-variable -Wdeclaration-after-statement -Wno-pointer-sign -Werror=implicit-int -Werror=strict-prototypes -Werror=date-time -std=gnu90 -version -fno-strict-aliasing -fno-common -fno-pic -fno-delete-null-pointer-checks -fgcse-las -fgcse-lm -fgcse-sm -fgraphite -fgraphite-identity -fivopts -fmodulo-sched -fmodulo-sched-allow-regmoves -ftree-loop-distribution -ftree-loop-im -ftree-loop-ivcanon -floop-nest-optimize -ftree-vectorize -funroll-loops -fno-stack-protector -fno-omit-frame-pointer -fno-optimize-sibling-calls -fno-var-tracking-assignments -fno-strict-overflow -fconserve-stack --param allow-store-data-races=0 -o /tmp/cca9IqHC.s
GNU C89 (crosstool-NG crosstool-ng-1.22.0-423-g949cc86 - GNU GCC 6.3.0 - Cortex-A53) version 6.3.0 (aarch64-cortex_a53-linux-gnueabi)
	compiled by GNU C version 6.2.0 20161005, GMP version 6.1.2, MPFR version 3.1.5, MPC version 1.0.3, isl version 0.15
GGC heuristics: --param ggc-min-expand=100 --param ggc-min-heapsize=131072
GNU C89 (crosstool-NG crosstool-ng-1.22.0-423-g949cc86 - GNU GCC 6.3.0 - Cortex-A53) version 6.3.0 (aarch64-cortex_a53-linux-gnueabi)
	compiled by GNU C version 6.2.0 20161005, GMP version 6.1.2, MPFR version 3.1.5, MPC version 1.0.3, isl version 0.15
GGC heuristics: --param ggc-min-expand=100 --param ggc-min-heapsize=131072
Compiler executable checksum: 0c5c8c7ab5dbaaba4697ed2a435694a7
COLLECT_GCC_OPTIONS='-nostdinc' '-isystem' '/home/xdavn/gcc/bin/../lib/gcc/aarch64-cortex_a53-linux-gnueabi/6.3.0/include' '-I' '../arch/arm64/include' '-I' 'arch/arm64/include/generated' '-I' '../include' '-I' 'include' '-I' '../arch/arm64/include/uapi' '-I' 'arch/arm64/include/generated/uapi' '-I' '../include/uapi' '-I' 'include/generated/uapi' '-include' '../include/linux/kconfig.h' '-I' '../drivers/media/tdmb' '-I' 'drivers/media/tdmb' '-D' '__KERNEL__' '-mlittle-endian' '-Wall' '-Wundef' '-Wstrict-prototypes' '-Wno-trigraphs' '-fno-strict-aliasing' '-fno-common' '-Werror=implicit-function-declaration' '-Wno-format-security' '-std=gnu90' '-D' 'ANDROID_VERSION=700000' '-D' 'ANDROID_MAJOR_VERSION=7' '-mcpu=exynos-m1' '-mtune=exynos-m1' '-mgeneral-regs-only' '-fno-pic' '-fno-delete-null-pointer-checks' '-Wno-maybe-uninitialized' '-Os' '-g0' '-D' 'NDEBUG' '-mtune=exynos-m1' '-fgcse-las' '-fgcse-lm' '-fgcse-sm' '-fgraphite' '-fgraphite-identity' '-fivopts' '-fmodulo-sched' '-fmodulo-sched-allow-regmoves' '-ftree-loop-distribution' '-ftree-loop-im' '-ftree-loop-ivcanon' '-floop-nest-optimize' '-ftree-vectorize' '-funroll-loops' '-mlow-precision-recip-sqrt' '-mpc-relative-literal-loads' '--param' 'allow-store-data-races=0' '-Wframe-larger-than=2048' '-fno-stack-protector' '-Wno-unused-but-set-variable' '-fno-omit-frame-pointer' '-fno-optimize-sibling-calls' '-fno-var-tracking-assignments' '-g' '-Wdeclaration-after-statement' '-Wno-pointer-sign' '-fno-strict-overflow' '-fconserve-stack' '-Werror=implicit-int' '-Werror=strict-prototypes' '-Werror=date-time' '-D' 'CC_HAVE_ASM_GOTO' '-I' '../drivers/media/tdmb' '-I' 'drivers/media/tdmb' '-v' '-I' '../drivers/media/tdmb/mtv319' '-I' 'drivers/media/tdmb/mtv319' '-D' 'KBUILD_STR(s)=#s' '-D' 'KBUILD_BASENAME=KBUILD_STR(tdmb_data)' '-D' 'KBUILD_MODNAME=KBUILD_STR(tdmb_data)' '-c' '-o' '/home/xdavn/.ccache/c/9/65e8127af1fc3762a4dd8cce655f85-909703.o.tmp.server.32726' '-mabi=lp64'
 /home/xdavn/gcc/bin/../lib/gcc/aarch64-cortex_a53-linux-gnueabi/6.3.0/../../../../aarch64-cortex_a53-linux-gnueabi/bin/as -v -I ../arch/arm64/include -I arch/arm64/include/generated -I ../include -I include -I ../arch/arm64/include/uapi -I arch/arm64/include/generated/uapi -I ../include/uapi -I include/generated/uapi -I ../drivers/media/tdmb -I drivers/media/tdmb -I ../drivers/media/tdmb -I drivers/media/tdmb -I ../drivers/media/tdmb/mtv319 -I drivers/media/tdmb/mtv319 -EL -march=armv8-a+crypto+crc -mabi=lp64 -o /home/xdavn/.ccache/c/9/65e8127af1fc3762a4dd8cce655f85-909703.o.tmp.server.32726 /tmp/cca9IqHC.s
GNU assembler version 2.27 (aarch64-cortex_a53-linux-gnueabi) using BFD version (crosstool-NG crosstool-ng-1.22.0-423-g949cc86 - GNU GCC 6.3.0 - Cortex-A53) 2.27
COMPILER_PATH=/home/xdavn/gcc/bin/../libexec/gcc/aarch64-cortex_a53-linux-gnueabi/6.3.0/:/home/xdavn/gcc/bin/../libexec/gcc/:/home/xdavn/gcc/bin/../lib/gcc/aarch64-cortex_a53-linux-gnueabi/6.3.0/../../../../aarch64-cortex_a53-linux-gnueabi/bin/
LIBRARY_PATH=/home/xdavn/gcc/bin/../lib/gcc/aarch64-cortex_a53-linux-gnueabi/6.3.0/:/home/xdavn/gcc/bin/../lib/gcc/:/home/xdavn/gcc/bin/../lib/gcc/aarch64-cortex_a53-linux-gnueabi/6.3.0/../../../../aarch64-cortex_a53-linux-gnueabi/lib/../lib64/:/home/xdavn/gcc/bin/../aarch64-cortex_a53-linux-gnueabi/sysroot/lib/../lib64/:/home/xdavn/gcc/bin/../aarch64-cortex_a53-linux-gnueabi/sysroot/usr/lib/../lib64/:/home/xdavn/gcc/bin/../lib/gcc/aarch64-cortex_a53-linux-gnueabi/6.3.0/../../../../aarch64-cortex_a53-linux-gnueabi/lib/:/home/xdavn/gcc/bin/../aarch64-cortex_a53-linux-gnueabi/sysroot/lib/:/home/xdavn/gcc/bin/../aarch64-cortex_a53-linux-gnueabi/sysroot/usr/lib/
COLLECT_GCC_OPTIONS='-nostdinc' '-isystem' '/home/xdavn/gcc/bin/../lib/gcc/aarch64-cortex_a53-linux-gnueabi/6.3.0/include' '-I' '../arch/arm64/include' '-I' 'arch/arm64/include/generated' '-I' '../include' '-I' 'include' '-I' '../arch/arm64/include/uapi' '-I' 'arch/arm64/include/generated/uapi' '-I' '../include/uapi' '-I' 'include/generated/uapi' '-include' '../include/linux/kconfig.h' '-I' '../drivers/media/tdmb' '-I' 'drivers/media/tdmb' '-D' '__KERNEL__' '-mlittle-endian' '-Wall' '-Wundef' '-Wstrict-prototypes' '-Wno-trigraphs' '-fno-strict-aliasing' '-fno-common' '-Werror=implicit-function-declaration' '-Wno-format-security' '-std=gnu90' '-D' 'ANDROID_VERSION=700000' '-D' 'ANDROID_MAJOR_VERSION=7' '-mcpu=exynos-m1' '-mtune=exynos-m1' '-mgeneral-regs-only' '-fno-pic' '-fno-delete-null-pointer-checks' '-Wno-maybe-uninitialized' '-Os' '-g0' '-D' 'NDEBUG' '-mtune=exynos-m1' '-fgcse-las' '-fgcse-lm' '-fgcse-sm' '-fgraphite' '-fgraphite-identity' '-fivopts' '-fmodulo-sched' '-fmodulo-sched-allow-regmoves' '-ftree-loop-distribution' '-ftree-loop-im' '-ftree-loop-ivcanon' '-floop-nest-optimize' '-ftree-vectorize' '-funroll-loops' '-mlow-precision-recip-sqrt' '-mpc-relative-literal-loads' '--param' 'allow-store-data-races=0' '-Wframe-larger-than=2048' '-fno-stack-protector' '-Wno-unused-but-set-variable' '-fno-omit-frame-pointer' '-fno-optimize-sibling-calls' '-fno-var-tracking-assignments' '-g' '-Wdeclaration-after-statement' '-Wno-pointer-sign' '-fno-strict-overflow' '-fconserve-stack' '-Werror=implicit-int' '-Werror=strict-prototypes' '-Werror=date-time' '-D' 'CC_HAVE_ASM_GOTO' '-I' '../drivers/media/tdmb' '-I' 'drivers/media/tdmb' '-v' '-I' '../drivers/media/tdmb/mtv319' '-I' 'drivers/media/tdmb/mtv319' '-D' 'KBUILD_STR(s)=#s' '-D' 'KBUILD_BASENAME=KBUILD_STR(tdmb_data)' '-D' 'KBUILD_MODNAME=KBUILD_STR(tdmb_data)' '-c' '-o' '/home/xdavn/.ccache/c/9/65e8127af1fc3762a4dd8cce655f85-909703.o.tmp.server.32726' '-mabi=lp64'
Using built-in specs.
COLLECT_GCC=/home/xdavn/gcc/bin/aarch64-cortex_a53-linux-gnueabi-gcc
Target: aarch64-cortex_a53-linux-gnueabi
Configured with: /home/tkkg1994/Downloads/toolchain/crosstool-ng/.build/src/gcc-6.3.0/configure --build=x86_64-build_pc-linux-gnu --host=x86_64-build_pc-linux-gnu --target=aarch64-cortex_a53-linux-gnueabi --prefix=/home/tkkg1994/x-tools/aarch64-cortex_a53-linux-gnueabi --with-sysroot=/home/tkkg1994/x-tools/aarch64-cortex_a53-linux-gnueabi/aarch64-cortex_a53-linux-gnueabi/sysroot --enable-languages=c,c++ --with-cpu=cortex-a53 --with-pkgversion='crosstool-NG crosstool-ng-1.22.0-423-g949cc86 - GNU GCC 6.3.0 - Cortex-A53' --enable-__cxa_atexit --disable-libmudflap --disable-libgomp --disable-libssp --disable-libquadmath --disable-libquadmath-support --disable-libsanitizer --disable-libmpx --with-gmp=/home/tkkg1994/Downloads/toolchain/crosstool-ng/.build/aarch64-cortex_a53-linux-gnueabi/buildtools --with-mpfr=/home/tkkg1994/Downloads/toolchain/crosstool-ng/.build/aarch64-cortex_a53-linux-gnueabi/buildtools --with-mpc=/home/tkkg1994/Downloads/toolchain/crosstool-ng/.build/aarch64-cortex_a53-linux-gnueabi/buildtools --with-isl=/home/tkkg1994/Downloads/toolchain/crosstool-ng/.build/aarch64-cortex_a53-linux-gnueabi/buildtools --enable-lto --with-host-libstdcxx='-static-libgcc -Wl,-Bstatic,-lstdc++,-Bdynamic -lm' --enable-threads=posix --enable-target-optspace --enable-plugin --enable-gold --disable-nls --disable-multilib --with-local-prefix=/home/tkkg1994/x-tools/aarch64-cortex_a53-linux-gnueabi/aarch64-cortex_a53-linux-gnueabi/sysroot --enable-long-long
Thread model: posix
gcc version 6.3.0 (crosstool-NG crosstool-ng-1.22.0-423-g949cc86 - GNU GCC 6.3.0 - Cortex-A53) 
COLLECT_GCC_OPTIONS='-nostdinc' '-isystem' '/home/xdavn/gcc/bin/../lib/gcc/aarch64-cortex_a53-linux-gnueabi/6.3.0/include' '-I' '../arch/arm64/include' '-I' 'arch/arm64/include/generated' '-I' '../include' '-I' 'include' '-I' '../arch/arm64/include/uapi' '-I' 'arch/arm64/include/generated/uapi' '-I' '../include/uapi' '-I' 'include/generated/uapi' '-include' '../include/linux/kconfig.h' '-I' '../drivers/media/tdmb' '-I' 'drivers/media/tdmb' '-D' '__KERNEL__' '-mlittle-endian' '-Wall' '-Wundef' '-Wstrict-prototypes' '-Wno-trigraphs' '-fno-strict-aliasing' '-fno-common' '-Werror=implicit-function-declaration' '-Wno-format-security' '-std=gnu90' '-D' 'ANDROID_VERSION=700000' '-D' 'ANDROID_MAJOR_VERSION=7' '-mcpu=exynos-m1' '-mtune=exynos-m1' '-mgeneral-regs-only' '-fno-pic' '-fno-delete-null-pointer-checks' '-Wno-maybe-uninitialized' '-Os' '-g0' '-D' 'NDEBUG' '-mtune=exynos-m1' '-fgcse-las' '-fgcse-lm' '-fgcse-sm' '-fgraphite' '-fgraphite-identity' '-fivopts' '-fmodulo-sched' '-fmodulo-sched-allow-regmoves' '-ftree-loop-distribution' '-ftree-loop-im' '-ftree-loop-ivcanon' '-floop-nest-optimize' '-ftree-vectorize' '-funroll-loops' '-mlow-precision-recip-sqrt' '-mpc-relative-literal-loads' '--param' 'allow-store-data-races=0' '-Wframe-larger-than=2048' '-fno-stack-protector' '-Wno-unused-but-set-variable' '-fno-omit-frame-pointer' '-fno-optimize-sibling-calls' '-fno-var-tracking-assignments' '-g' '-Wdeclaration-after-statement' '-Wno-pointer-sign' '-fno-strict-overflow' '-fconserve-stack' '-Werror=implicit-int' '-Werror=strict-prototypes' '-Werror=date-time' '-D' 'CC_HAVE_ASM_GOTO' '-I' '../drivers/media/tdmb' '-I' 'drivers/media/tdmb' '-v' '-I' '../drivers/media/tdmb/mtv319' '-I' 'drivers/media/tdmb/mtv319' '-D' 'KBUILD_STR(s)=#s' '-D' 'KBUILD_BASENAME=KBUILD_STR(tdmb_port_mtv319)' '-D' 'KBUILD_MODNAME=KBUILD_STR(tdmb_port_mtv319)' '-c' '-MQ' 'drivers/media/tdmb/tdmb_port_mtv319.o' '-E' '-mabi=lp64'
 /home/xdavn/gcc/bin/../libexec/gcc/aarch64-cortex_a53-linux-gnueabi/6.3.0/cc1 -E -quiet -nostdinc -v -I ../arch/arm64/include -I arch/arm64/include/generated -I ../include -I include -I ../arch/arm64/include/uapi -I arch/arm64/include/generated/uapi -I ../include/uapi -I include/generated/uapi -I ../drivers/media/tdmb -I drivers/media/tdmb -I ../drivers/media/tdmb -I drivers/media/tdmb -I ../drivers/media/tdmb/mtv319 -I drivers/media/tdmb/mtv319 -iprefix /home/xdavn/gcc/bin/../lib/gcc/aarch64-cortex_a53-linux-gnueabi/6.3.0/ -isysroot /home/xdavn/gcc/bin/../aarch64-cortex_a53-linux-gnueabi/sysroot -MQ drivers/media/tdmb/tdmb_port_mtv319.o -D __KERNEL__ -D ANDROID_VERSION=700000 -D ANDROID_MAJOR_VERSION=7 -D NDEBUG -D CC_HAVE_ASM_GOTO -D KBUILD_STR(s)=#s -D KBUILD_BASENAME=KBUILD_STR(tdmb_port_mtv319) -D KBUILD_MODNAME=KBUILD_STR(tdmb_port_mtv319) -isystem /home/xdavn/gcc/bin/../lib/gcc/aarch64-cortex_a53-linux-gnueabi/6.3.0/include -include ../include/linux/kconfig.h -MD drivers/media/tdmb/.tdmb_port_mtv319.o.d ../drivers/media/tdmb/tdmb_port_mtv319.c -mlittle-endian -mcpu=exynos-m1 -mtune=exynos-m1 -mgeneral-regs-only -mtune=exynos-m1 -mlow-precision-recip-sqrt -mpc-relative-literal-loads -mabi=lp64 -std=gnu90 -Wall -Wundef -Wstrict-prototypes -Wno-trigraphs -Werror=implicit-function-declaration -Wno-format-security -Wno-maybe-uninitialized -Wframe-larger-than=2048 -Wno-unused-but-set-variable -Wdeclaration-after-statement -Wno-pointer-sign -Werror=implicit-int -Werror=strict-prototypes -Werror=date-time -fno-strict-aliasing -fno-common -fno-pic -fno-delete-null-pointer-checks -fgcse-las -fgcse-lm -fgcse-sm -fgraphite -fgraphite-identity -fivopts -fmodulo-sched -fmodulo-sched-allow-regmoves -ftree-loop-distribution -ftree-loop-im -ftree-loop-ivcanon -floop-nest-optimize -ftree-vectorize -funroll-loops -fno-stack-protector -fno-omit-frame-pointer -fno-optimize-sibling-calls -fno-var-tracking-assignments -fno-strict-overflow -fconserve-stack -Os
ignoring duplicate directory "../drivers/media/tdmb"
ignoring duplicate directory "drivers/media/tdmb"
#include "..." search starts here:
#include <...> search starts here:
 ../arch/arm64/include
 arch/arm64/include/generated
 ../include
 include
 ../arch/arm64/include/uapi
 arch/arm64/include/generated/uapi
 ../include/uapi
 include/generated/uapi
 ../drivers/media/tdmb
 drivers/media/tdmb
 ../drivers/media/tdmb/mtv319
 drivers/media/tdmb/mtv319
 /home/xdavn/gcc/bin/../lib/gcc/aarch64-cortex_a53-linux-gnueabi/6.3.0/include
End of search list.
COMPILER_PATH=/home/xdavn/gcc/bin/../libexec/gcc/aarch64-cortex_a53-linux-gnueabi/6.3.0/:/home/xdavn/gcc/bin/../libexec/gcc/:/home/xdavn/gcc/bin/../lib/gcc/aarch64-cortex_a53-linux-gnueabi/6.3.0/../../../../aarch64-cortex_a53-linux-gnueabi/bin/
LIBRARY_PATH=/home/xdavn/gcc/bin/../lib/gcc/aarch64-cortex_a53-linux-gnueabi/6.3.0/:/home/xdavn/gcc/bin/../lib/gcc/:/home/xdavn/gcc/bin/../lib/gcc/aarch64-cortex_a53-linux-gnueabi/6.3.0/../../../../aarch64-cortex_a53-linux-gnueabi/lib/../lib64/:/home/xdavn/gcc/bin/../aarch64-cortex_a53-linux-gnueabi/sysroot/lib/../lib64/:/home/xdavn/gcc/bin/../aarch64-cortex_a53-linux-gnueabi/sysroot/usr/lib/../lib64/:/home/xdavn/gcc/bin/../lib/gcc/aarch64-cortex_a53-linux-gnueabi/6.3.0/../../../../aarch64-cortex_a53-linux-gnueabi/lib/:/home/xdavn/gcc/bin/../aarch64-cortex_a53-linux-gnueabi/sysroot/lib/:/home/xdavn/gcc/bin/../aarch64-cortex_a53-linux-gnueabi/sysroot/usr/lib/
COLLECT_GCC_OPTIONS='-nostdinc' '-isystem' '/home/xdavn/gcc/bin/../lib/gcc/aarch64-cortex_a53-linux-gnueabi/6.3.0/include' '-I' '../arch/arm64/include' '-I' 'arch/arm64/include/generated' '-I' '../include' '-I' 'include' '-I' '../arch/arm64/include/uapi' '-I' 'arch/arm64/include/generated/uapi' '-I' '../include/uapi' '-I' 'include/generated/uapi' '-include' '../include/linux/kconfig.h' '-I' '../drivers/media/tdmb' '-I' 'drivers/media/tdmb' '-D' '__KERNEL__' '-mlittle-endian' '-Wall' '-Wundef' '-Wstrict-prototypes' '-Wno-trigraphs' '-fno-strict-aliasing' '-fno-common' '-Werror=implicit-function-declaration' '-Wno-format-security' '-std=gnu90' '-D' 'ANDROID_VERSION=700000' '-D' 'ANDROID_MAJOR_VERSION=7' '-mcpu=exynos-m1' '-mtune=exynos-m1' '-mgeneral-regs-only' '-fno-pic' '-fno-delete-null-pointer-checks' '-Wno-maybe-uninitialized' '-Os' '-g0' '-D' 'NDEBUG' '-mtune=exynos-m1' '-fgcse-las' '-fgcse-lm' '-fgcse-sm' '-fgraphite' '-fgraphite-identity' '-fivopts' '-fmodulo-sched' '-fmodulo-sched-allow-regmoves' '-ftree-loop-distribution' '-ftree-loop-im' '-ftree-loop-ivcanon' '-floop-nest-optimize' '-ftree-vectorize' '-funroll-loops' '-mlow-precision-recip-sqrt' '-mpc-relative-literal-loads' '--param' 'allow-store-data-races=0' '-Wframe-larger-than=2048' '-fno-stack-protector' '-Wno-unused-but-set-variable' '-fno-omit-frame-pointer' '-fno-optimize-sibling-calls' '-fno-var-tracking-assignments' '-g' '-Wdeclaration-after-statement' '-Wno-pointer-sign' '-fno-strict-overflow' '-fconserve-stack' '-Werror=implicit-int' '-Werror=strict-prototypes' '-Werror=date-time' '-D' 'CC_HAVE_ASM_GOTO' '-I' '../drivers/media/tdmb' '-I' 'drivers/media/tdmb' '-v' '-I' '../drivers/media/tdmb/mtv319' '-I' 'drivers/media/tdmb/mtv319' '-D' 'KBUILD_STR(s)=#s' '-D' 'KBUILD_BASENAME=KBUILD_STR(tdmb_port_mtv319)' '-D' 'KBUILD_MODNAME=KBUILD_STR(tdmb_port_mtv319)' '-c' '-MQ' 'drivers/media/tdmb/tdmb_port_mtv319.o' '-E' '-mabi=lp64'
Using built-in specs.
COLLECT_GCC=/home/xdavn/gcc/bin/aarch64-cortex_a53-linux-gnueabi-gcc
Target: aarch64-cortex_a53-linux-gnueabi
Configured with: /home/tkkg1994/Downloads/toolchain/crosstool-ng/.build/src/gcc-6.3.0/configure --build=x86_64-build_pc-linux-gnu --host=x86_64-build_pc-linux-gnu --target=aarch64-cortex_a53-linux-gnueabi --prefix=/home/tkkg1994/x-tools/aarch64-cortex_a53-linux-gnueabi --with-sysroot=/home/tkkg1994/x-tools/aarch64-cortex_a53-linux-gnueabi/aarch64-cortex_a53-linux-gnueabi/sysroot --enable-languages=c,c++ --with-cpu=cortex-a53 --with-pkgversion='crosstool-NG crosstool-ng-1.22.0-423-g949cc86 - GNU GCC 6.3.0 - Cortex-A53' --enable-__cxa_atexit --disable-libmudflap --disable-libgomp --disable-libssp --disable-libquadmath --disable-libquadmath-support --disable-libsanitizer --disable-libmpx --with-gmp=/home/tkkg1994/Downloads/toolchain/crosstool-ng/.build/aarch64-cortex_a53-linux-gnueabi/buildtools --with-mpfr=/home/tkkg1994/Downloads/toolchain/crosstool-ng/.build/aarch64-cortex_a53-linux-gnueabi/buildtools --with-mpc=/home/tkkg1994/Downloads/toolchain/crosstool-ng/.build/aarch64-cortex_a53-linux-gnueabi/buildtools --with-isl=/home/tkkg1994/Downloads/toolchain/crosstool-ng/.build/aarch64-cortex_a53-linux-gnueabi/buildtools --enable-lto --with-host-libstdcxx='-static-libgcc -Wl,-Bstatic,-lstdc++,-Bdynamic -lm' --enable-threads=posix --enable-target-optspace --enable-plugin --enable-gold --disable-nls --disable-multilib --with-local-prefix=/home/tkkg1994/x-tools/aarch64-cortex_a53-linux-gnueabi/aarch64-cortex_a53-linux-gnueabi/sysroot --enable-long-long
Thread model: posix
gcc version 6.3.0 (crosstool-NG crosstool-ng-1.22.0-423-g949cc86 - GNU GCC 6.3.0 - Cortex-A53) 
COLLECT_GCC_OPTIONS='-nostdinc' '-isystem' '/home/xdavn/gcc/bin/../lib/gcc/aarch64-cortex_a53-linux-gnueabi/6.3.0/include' '-I' '../arch/arm64/include' '-I' 'arch/arm64/include/generated' '-I' '../include' '-I' 'include' '-I' '../arch/arm64/include/uapi' '-I' 'arch/arm64/include/generated/uapi' '-I' '../include/uapi' '-I' 'include/generated/uapi' '-include' '../include/linux/kconfig.h' '-I' '../drivers/media/tdmb' '-I' 'drivers/media/tdmb' '-D' '__KERNEL__' '-mlittle-endian' '-Wall' '-Wundef' '-Wstrict-prototypes' '-Wno-trigraphs' '-fno-strict-aliasing' '-fno-common' '-Werror=implicit-function-declaration' '-Wno-format-security' '-std=gnu90' '-D' 'ANDROID_VERSION=700000' '-D' 'ANDROID_MAJOR_VERSION=7' '-mcpu=exynos-m1' '-mtune=exynos-m1' '-mgeneral-regs-only' '-fno-pic' '-fno-delete-null-pointer-checks' '-Wno-maybe-uninitialized' '-Os' '-g0' '-D' 'NDEBUG' '-mtune=exynos-m1' '-fgcse-las' '-fgcse-lm' '-fgcse-sm' '-fgraphite' '-fgraphite-identity' '-fivopts' '-fmodulo-sched' '-fmodulo-sched-allow-regmoves' '-ftree-loop-distribution' '-ftree-loop-im' '-ftree-loop-ivcanon' '-floop-nest-optimize' '-ftree-vectorize' '-funroll-loops' '-mlow-precision-recip-sqrt' '-mpc-relative-literal-loads' '--param' 'allow-store-data-races=0' '-Wframe-larger-than=2048' '-fno-stack-protector' '-Wno-unused-but-set-variable' '-fno-omit-frame-pointer' '-fno-optimize-sibling-calls' '-fno-var-tracking-assignments' '-g' '-Wdeclaration-after-statement' '-Wno-pointer-sign' '-fno-strict-overflow' '-fconserve-stack' '-Werror=implicit-int' '-Werror=strict-prototypes' '-Werror=date-time' '-D' 'CC_HAVE_ASM_GOTO' '-I' '../drivers/media/tdmb' '-I' 'drivers/media/tdmb' '-v' '-I' '../drivers/media/tdmb/mtv319' '-I' 'drivers/media/tdmb/mtv319' '-D' 'KBUILD_STR(s)=#s' '-D' 'KBUILD_BASENAME=KBUILD_STR(tdmb_port_mtv319)' '-D' 'KBUILD_MODNAME=KBUILD_STR(tdmb_port_mtv319)' '-c' '-o' '/home/xdavn/.ccache/0/e/6e355ddbfaec5ec0706b28253cdf83-882032.o.tmp.server.412' '-mabi=lp64'
 /home/xdavn/gcc/bin/../libexec/gcc/aarch64-cortex_a53-linux-gnueabi/6.3.0/cc1 -fpreprocessed /home/xdavn/.ccache/tmp/tdmb_port_.tmp.server.412.i -quiet -dumpbase tdmb_port_.tmp.server.412.i -mlittle-endian -mcpu=exynos-m1 -mtune=exynos-m1 -mgeneral-regs-only -mtune=exynos-m1 -mlow-precision-recip-sqrt -mpc-relative-literal-loads -mabi=lp64 -auxbase-strip /home/xdavn/.ccache/0/e/6e355ddbfaec5ec0706b28253cdf83-882032.o.tmp.server.412 -g0 -g -Os -Wall -Wundef -Wstrict-prototypes -Wno-trigraphs -Werror=implicit-function-declaration -Wno-format-security -Wno-maybe-uninitialized -Wframe-larger-than=2048 -Wno-unused-but-set-variable -Wdeclaration-after-statement -Wno-pointer-sign -Werror=implicit-int -Werror=strict-prototypes -Werror=date-time -std=gnu90 -version -fno-strict-aliasing -fno-common -fno-pic -fno-delete-null-pointer-checks -fgcse-las -fgcse-lm -fgcse-sm -fgraphite -fgraphite-identity -fivopts -fmodulo-sched -fmodulo-sched-allow-regmoves -ftree-loop-distribution -ftree-loop-im -ftree-loop-ivcanon -floop-nest-optimize -ftree-vectorize -funroll-loops -fno-stack-protector -fno-omit-frame-pointer -fno-optimize-sibling-calls -fno-var-tracking-assignments -fno-strict-overflow -fconserve-stack --param allow-store-data-races=0 -o /tmp/ccg43jQ3.s
GNU C89 (crosstool-NG crosstool-ng-1.22.0-423-g949cc86 - GNU GCC 6.3.0 - Cortex-A53) version 6.3.0 (aarch64-cortex_a53-linux-gnueabi)
	compiled by GNU C version 6.2.0 20161005, GMP version 6.1.2, MPFR version 3.1.5, MPC version 1.0.3, isl version 0.15
GGC heuristics: --param ggc-min-expand=100 --param ggc-min-heapsize=131072
GNU C89 (crosstool-NG crosstool-ng-1.22.0-423-g949cc86 - GNU GCC 6.3.0 - Cortex-A53) version 6.3.0 (aarch64-cortex_a53-linux-gnueabi)
	compiled by GNU C version 6.2.0 20161005, GMP version 6.1.2, MPFR version 3.1.5, MPC version 1.0.3, isl version 0.15
GGC heuristics: --param ggc-min-expand=100 --param ggc-min-heapsize=131072
Compiler executable checksum: 0c5c8c7ab5dbaaba4697ed2a435694a7
COLLECT_GCC_OPTIONS='-nostdinc' '-isystem' '/home/xdavn/gcc/bin/../lib/gcc/aarch64-cortex_a53-linux-gnueabi/6.3.0/include' '-I' '../arch/arm64/include' '-I' 'arch/arm64/include/generated' '-I' '../include' '-I' 'include' '-I' '../arch/arm64/include/uapi' '-I' 'arch/arm64/include/generated/uapi' '-I' '../include/uapi' '-I' 'include/generated/uapi' '-include' '../include/linux/kconfig.h' '-I' '../drivers/media/tdmb' '-I' 'drivers/media/tdmb' '-D' '__KERNEL__' '-mlittle-endian' '-Wall' '-Wundef' '-Wstrict-prototypes' '-Wno-trigraphs' '-fno-strict-aliasing' '-fno-common' '-Werror=implicit-function-declaration' '-Wno-format-security' '-std=gnu90' '-D' 'ANDROID_VERSION=700000' '-D' 'ANDROID_MAJOR_VERSION=7' '-mcpu=exynos-m1' '-mtune=exynos-m1' '-mgeneral-regs-only' '-fno-pic' '-fno-delete-null-pointer-checks' '-Wno-maybe-uninitialized' '-Os' '-g0' '-D' 'NDEBUG' '-mtune=exynos-m1' '-fgcse-las' '-fgcse-lm' '-fgcse-sm' '-fgraphite' '-fgraphite-identity' '-fivopts' '-fmodulo-sched' '-fmodulo-sched-allow-regmoves' '-ftree-loop-distribution' '-ftree-loop-im' '-ftree-loop-ivcanon' '-floop-nest-optimize' '-ftree-vectorize' '-funroll-loops' '-mlow-precision-recip-sqrt' '-mpc-relative-literal-loads' '--param' 'allow-store-data-races=0' '-Wframe-larger-than=2048' '-fno-stack-protector' '-Wno-unused-but-set-variable' '-fno-omit-frame-pointer' '-fno-optimize-sibling-calls' '-fno-var-tracking-assignments' '-g' '-Wdeclaration-after-statement' '-Wno-pointer-sign' '-fno-strict-overflow' '-fconserve-stack' '-Werror=implicit-int' '-Werror=strict-prototypes' '-Werror=date-time' '-D' 'CC_HAVE_ASM_GOTO' '-I' '../drivers/media/tdmb' '-I' 'drivers/media/tdmb' '-v' '-I' '../drivers/media/tdmb/mtv319' '-I' 'drivers/media/tdmb/mtv319' '-D' 'KBUILD_STR(s)=#s' '-D' 'KBUILD_BASENAME=KBUILD_STR(tdmb_port_mtv319)' '-D' 'KBUILD_MODNAME=KBUILD_STR(tdmb_port_mtv319)' '-c' '-o' '/home/xdavn/.ccache/0/e/6e355ddbfaec5ec0706b28253cdf83-882032.o.tmp.server.412' '-mabi=lp64'
 /home/xdavn/gcc/bin/../lib/gcc/aarch64-cortex_a53-linux-gnueabi/6.3.0/../../../../aarch64-cortex_a53-linux-gnueabi/bin/as -v -I ../arch/arm64/include -I arch/arm64/include/generated -I ../include -I include -I ../arch/arm64/include/uapi -I arch/arm64/include/generated/uapi -I ../include/uapi -I include/generated/uapi -I ../drivers/media/tdmb -I drivers/media/tdmb -I ../drivers/media/tdmb -I drivers/media/tdmb -I ../drivers/media/tdmb/mtv319 -I drivers/media/tdmb/mtv319 -EL -march=armv8-a+crypto+crc -mabi=lp64 -o /home/xdavn/.ccache/0/e/6e355ddbfaec5ec0706b28253cdf83-882032.o.tmp.server.412 /tmp/ccg43jQ3.s
GNU assembler version 2.27 (aarch64-cortex_a53-linux-gnueabi) using BFD version (crosstool-NG crosstool-ng-1.22.0-423-g949cc86 - GNU GCC 6.3.0 - Cortex-A53) 2.27
COMPILER_PATH=/home/xdavn/gcc/bin/../libexec/gcc/aarch64-cortex_a53-linux-gnueabi/6.3.0/:/home/xdavn/gcc/bin/../libexec/gcc/:/home/xdavn/gcc/bin/../lib/gcc/aarch64-cortex_a53-linux-gnueabi/6.3.0/../../../../aarch64-cortex_a53-linux-gnueabi/bin/
LIBRARY_PATH=/home/xdavn/gcc/bin/../lib/gcc/aarch64-cortex_a53-linux-gnueabi/6.3.0/:/home/xdavn/gcc/bin/../lib/gcc/:/home/xdavn/gcc/bin/../lib/gcc/aarch64-cortex_a53-linux-gnueabi/6.3.0/../../../../aarch64-cortex_a53-linux-gnueabi/lib/../lib64/:/home/xdavn/gcc/bin/../aarch64-cortex_a53-linux-gnueabi/sysroot/lib/../lib64/:/home/xdavn/gcc/bin/../aarch64-cortex_a53-linux-gnueabi/sysroot/usr/lib/../lib64/:/home/xdavn/gcc/bin/../lib/gcc/aarch64-cortex_a53-linux-gnueabi/6.3.0/../../../../aarch64-cortex_a53-linux-gnueabi/lib/:/home/xdavn/gcc/bin/../aarch64-cortex_a53-linux-gnueabi/sysroot/lib/:/home/xdavn/gcc/bin/../aarch64-cortex_a53-linux-gnueabi/sysroot/usr/lib/
COLLECT_GCC_OPTIONS='-nostdinc' '-isystem' '/home/xdavn/gcc/bin/../lib/gcc/aarch64-cortex_a53-linux-gnueabi/6.3.0/include' '-I' '../arch/arm64/include' '-I' 'arch/arm64/include/generated' '-I' '../include' '-I' 'include' '-I' '../arch/arm64/include/uapi' '-I' 'arch/arm64/include/generated/uapi' '-I' '../include/uapi' '-I' 'include/generated/uapi' '-include' '../include/linux/kconfig.h' '-I' '../drivers/media/tdmb' '-I' 'drivers/media/tdmb' '-D' '__KERNEL__' '-mlittle-endian' '-Wall' '-Wundef' '-Wstrict-prototypes' '-Wno-trigraphs' '-fno-strict-aliasing' '-fno-common' '-Werror=implicit-function-declaration' '-Wno-format-security' '-std=gnu90' '-D' 'ANDROID_VERSION=700000' '-D' 'ANDROID_MAJOR_VERSION=7' '-mcpu=exynos-m1' '-mtune=exynos-m1' '-mgeneral-regs-only' '-fno-pic' '-fno-delete-null-pointer-checks' '-Wno-maybe-uninitialized' '-Os' '-g0' '-D' 'NDEBUG' '-mtune=exynos-m1' '-fgcse-las' '-fgcse-lm' '-fgcse-sm' '-fgraphite' '-fgraphite-identity' '-fivopts' '-fmodulo-sched' '-fmodulo-sched-allow-regmoves' '-ftree-loop-distribution' '-ftree-loop-im' '-ftree-loop-ivcanon' '-floop-nest-optimize' '-ftree-vectorize' '-funroll-loops' '-mlow-precision-recip-sqrt' '-mpc-relative-literal-loads' '--param' 'allow-store-data-races=0' '-Wframe-larger-than=2048' '-fno-stack-protector' '-Wno-unused-but-set-variable' '-fno-omit-frame-pointer' '-fno-optimize-sibling-calls' '-fno-var-tracking-assignments' '-g' '-Wdeclaration-after-statement' '-Wno-pointer-sign' '-fno-strict-overflow' '-fconserve-stack' '-Werror=implicit-int' '-Werror=strict-prototypes' '-Werror=date-time' '-D' 'CC_HAVE_ASM_GOTO' '-I' '../drivers/media/tdmb' '-I' 'drivers/media/tdmb' '-v' '-I' '../drivers/media/tdmb/mtv319' '-I' 'drivers/media/tdmb/mtv319' '-D' 'KBUILD_STR(s)=#s' '-D' 'KBUILD_BASENAME=KBUILD_STR(tdmb_port_mtv319)' '-D' 'KBUILD_MODNAME=KBUILD_STR(tdmb_port_mtv319)' '-c' '-o' '/home/xdavn/.ccache/0/e/6e355ddbfaec5ec0706b28253cdf83-882032.o.tmp.server.412' '-mabi=lp64'
Using built-in specs.
COLLECT_GCC=/home/xdavn/gcc/bin/aarch64-cortex_a53-linux-gnueabi-gcc
Target: aarch64-cortex_a53-linux-gnueabi
Configured with: /home/tkkg1994/Downloads/toolchain/crosstool-ng/.build/src/gcc-6.3.0/configure --build=x86_64-build_pc-linux-gnu --host=x86_64-build_pc-linux-gnu --target=aarch64-cortex_a53-linux-gnueabi --prefix=/home/tkkg1994/x-tools/aarch64-cortex_a53-linux-gnueabi --with-sysroot=/home/tkkg1994/x-tools/aarch64-cortex_a53-linux-gnueabi/aarch64-cortex_a53-linux-gnueabi/sysroot --enable-languages=c,c++ --with-cpu=cortex-a53 --with-pkgversion='crosstool-NG crosstool-ng-1.22.0-423-g949cc86 - GNU GCC 6.3.0 - Cortex-A53' --enable-__cxa_atexit --disable-libmudflap --disable-libgomp --disable-libssp --disable-libquadmath --disable-libquadmath-support --disable-libsanitizer --disable-libmpx --with-gmp=/home/tkkg1994/Downloads/toolchain/crosstool-ng/.build/aarch64-cortex_a53-linux-gnueabi/buildtools --with-mpfr=/home/tkkg1994/Downloads/toolchain/crosstool-ng/.build/aarch64-cortex_a53-linux-gnueabi/buildtools --with-mpc=/home/tkkg1994/Downloads/toolchain/crosstool-ng/.build/aarch64-cortex_a53-linux-gnueabi/buildtools --with-isl=/home/tkkg1994/Downloads/toolchain/crosstool-ng/.build/aarch64-cortex_a53-linux-gnueabi/buildtools --enable-lto --with-host-libstdcxx='-static-libgcc -Wl,-Bstatic,-lstdc++,-Bdynamic -lm' --enable-threads=posix --enable-target-optspace --enable-plugin --enable-gold --disable-nls --disable-multilib --with-local-prefix=/home/tkkg1994/x-tools/aarch64-cortex_a53-linux-gnueabi/aarch64-cortex_a53-linux-gnueabi/sysroot --enable-long-long
Thread model: posix
gcc version 6.3.0 (crosstool-NG crosstool-ng-1.22.0-423-g949cc86 - GNU GCC 6.3.0 - Cortex-A53) 
COLLECT_GCC_OPTIONS='-nostdinc' '-isystem' '/home/xdavn/gcc/bin/../lib/gcc/aarch64-cortex_a53-linux-gnueabi/6.3.0/include' '-I' '../arch/arm64/include' '-I' 'arch/arm64/include/generated' '-I' '../include' '-I' 'include' '-I' '../arch/arm64/include/uapi' '-I' 'arch/arm64/include/generated/uapi' '-I' '../include/uapi' '-I' 'include/generated/uapi' '-include' '../include/linux/kconfig.h' '-I' '../drivers/media/tdmb' '-I' 'drivers/media/tdmb' '-D' '__KERNEL__' '-mlittle-endian' '-Wall' '-Wundef' '-Wstrict-prototypes' '-Wno-trigraphs' '-fno-strict-aliasing' '-fno-common' '-Werror=implicit-function-declaration' '-Wno-format-security' '-std=gnu90' '-D' 'ANDROID_VERSION=700000' '-D' 'ANDROID_MAJOR_VERSION=7' '-mcpu=exynos-m1' '-mtune=exynos-m1' '-mgeneral-regs-only' '-fno-pic' '-fno-delete-null-pointer-checks' '-Wno-maybe-uninitialized' '-Os' '-g0' '-D' 'NDEBUG' '-mtune=exynos-m1' '-fgcse-las' '-fgcse-lm' '-fgcse-sm' '-fgraphite' '-fgraphite-identity' '-fivopts' '-fmodulo-sched' '-fmodulo-sched-allow-regmoves' '-ftree-loop-distribution' '-ftree-loop-im' '-ftree-loop-ivcanon' '-floop-nest-optimize' '-ftree-vectorize' '-funroll-loops' '-mlow-precision-recip-sqrt' '-mpc-relative-literal-loads' '--param' 'allow-store-data-races=0' '-Wframe-larger-than=2048' '-fno-stack-protector' '-Wno-unused-but-set-variable' '-fno-omit-frame-pointer' '-fno-optimize-sibling-calls' '-fno-var-tracking-assignments' '-g' '-Wdeclaration-after-statement' '-Wno-pointer-sign' '-fno-strict-overflow' '-fconserve-stack' '-Werror=implicit-int' '-Werror=strict-prototypes' '-Werror=date-time' '-D' 'CC_HAVE_ASM_GOTO' '-I' '../drivers/media/tdmb' '-I' 'drivers/media/tdmb' '-v' '-I' '../drivers/media/tdmb/mtv319' '-I' 'drivers/media/tdmb/mtv319' '-D' 'KBUILD_STR(s)=#s' '-D' 'KBUILD_BASENAME=KBUILD_STR(tdmb_spi)' '-D' 'KBUILD_MODNAME=KBUILD_STR(tdmb_spi)' '-c' '-MQ' 'drivers/media/tdmb/tdmb_spi.o' '-E' '-mabi=lp64'
 /home/xdavn/gcc/bin/../libexec/gcc/aarch64-cortex_a53-linux-gnueabi/6.3.0/cc1 -E -quiet -nostdinc -v -I ../arch/arm64/include -I arch/arm64/include/generated -I ../include -I include -I ../arch/arm64/include/uapi -I arch/arm64/include/generated/uapi -I ../include/uapi -I include/generated/uapi -I ../drivers/media/tdmb -I drivers/media/tdmb -I ../drivers/media/tdmb -I drivers/media/tdmb -I ../drivers/media/tdmb/mtv319 -I drivers/media/tdmb/mtv319 -iprefix /home/xdavn/gcc/bin/../lib/gcc/aarch64-cortex_a53-linux-gnueabi/6.3.0/ -isysroot /home/xdavn/gcc/bin/../aarch64-cortex_a53-linux-gnueabi/sysroot -MQ drivers/media/tdmb/tdmb_spi.o -D __KERNEL__ -D ANDROID_VERSION=700000 -D ANDROID_MAJOR_VERSION=7 -D NDEBUG -D CC_HAVE_ASM_GOTO -D KBUILD_STR(s)=#s -D KBUILD_BASENAME=KBUILD_STR(tdmb_spi) -D KBUILD_MODNAME=KBUILD_STR(tdmb_spi) -isystem /home/xdavn/gcc/bin/../lib/gcc/aarch64-cortex_a53-linux-gnueabi/6.3.0/include -include ../include/linux/kconfig.h -MD drivers/media/tdmb/.tdmb_spi.o.d ../drivers/media/tdmb/tdmb_spi.c -mlittle-endian -mcpu=exynos-m1 -mtune=exynos-m1 -mgeneral-regs-only -mtune=exynos-m1 -mlow-precision-recip-sqrt -mpc-relative-literal-loads -mabi=lp64 -std=gnu90 -Wall -Wundef -Wstrict-prototypes -Wno-trigraphs -Werror=implicit-function-declaration -Wno-format-security -Wno-maybe-uninitialized -Wframe-larger-than=2048 -Wno-unused-but-set-variable -Wdeclaration-after-statement -Wno-pointer-sign -Werror=implicit-int -Werror=strict-prototypes -Werror=date-time -fno-strict-aliasing -fno-common -fno-pic -fno-delete-null-pointer-checks -fgcse-las -fgcse-lm -fgcse-sm -fgraphite -fgraphite-identity -fivopts -fmodulo-sched -fmodulo-sched-allow-regmoves -ftree-loop-distribution -ftree-loop-im -ftree-loop-ivcanon -floop-nest-optimize -ftree-vectorize -funroll-loops -fno-stack-protector -fno-omit-frame-pointer -fno-optimize-sibling-calls -fno-var-tracking-assignments -fno-strict-overflow -fconserve-stack -Os
ignoring duplicate directory "../drivers/media/tdmb"
ignoring duplicate directory "drivers/media/tdmb"
#include "..." search starts here:
#include <...> search starts here:
 ../arch/arm64/include
 arch/arm64/include/generated
 ../include
 include
 ../arch/arm64/include/uapi
 arch/arm64/include/generated/uapi
 ../include/uapi
 include/generated/uapi
 ../drivers/media/tdmb
 drivers/media/tdmb
 ../drivers/media/tdmb/mtv319
 drivers/media/tdmb/mtv319
 /home/xdavn/gcc/bin/../lib/gcc/aarch64-cortex_a53-linux-gnueabi/6.3.0/include
End of search list.
COMPILER_PATH=/home/xdavn/gcc/bin/../libexec/gcc/aarch64-cortex_a53-linux-gnueabi/6.3.0/:/home/xdavn/gcc/bin/../libexec/gcc/:/home/xdavn/gcc/bin/../lib/gcc/aarch64-cortex_a53-linux-gnueabi/6.3.0/../../../../aarch64-cortex_a53-linux-gnueabi/bin/
LIBRARY_PATH=/home/xdavn/gcc/bin/../lib/gcc/aarch64-cortex_a53-linux-gnueabi/6.3.0/:/home/xdavn/gcc/bin/../lib/gcc/:/home/xdavn/gcc/bin/../lib/gcc/aarch64-cortex_a53-linux-gnueabi/6.3.0/../../../../aarch64-cortex_a53-linux-gnueabi/lib/../lib64/:/home/xdavn/gcc/bin/../aarch64-cortex_a53-linux-gnueabi/sysroot/lib/../lib64/:/home/xdavn/gcc/bin/../aarch64-cortex_a53-linux-gnueabi/sysroot/usr/lib/../lib64/:/home/xdavn/gcc/bin/../lib/gcc/aarch64-cortex_a53-linux-gnueabi/6.3.0/../../../../aarch64-cortex_a53-linux-gnueabi/lib/:/home/xdavn/gcc/bin/../aarch64-cortex_a53-linux-gnueabi/sysroot/lib/:/home/xdavn/gcc/bin/../aarch64-cortex_a53-linux-gnueabi/sysroot/usr/lib/
COLLECT_GCC_OPTIONS='-nostdinc' '-isystem' '/home/xdavn/gcc/bin/../lib/gcc/aarch64-cortex_a53-linux-gnueabi/6.3.0/include' '-I' '../arch/arm64/include' '-I' 'arch/arm64/include/generated' '-I' '../include' '-I' 'include' '-I' '../arch/arm64/include/uapi' '-I' 'arch/arm64/include/generated/uapi' '-I' '../include/uapi' '-I' 'include/generated/uapi' '-include' '../include/linux/kconfig.h' '-I' '../drivers/media/tdmb' '-I' 'drivers/media/tdmb' '-D' '__KERNEL__' '-mlittle-endian' '-Wall' '-Wundef' '-Wstrict-prototypes' '-Wno-trigraphs' '-fno-strict-aliasing' '-fno-common' '-Werror=implicit-function-declaration' '-Wno-format-security' '-std=gnu90' '-D' 'ANDROID_VERSION=700000' '-D' 'ANDROID_MAJOR_VERSION=7' '-mcpu=exynos-m1' '-mtune=exynos-m1' '-mgeneral-regs-only' '-fno-pic' '-fno-delete-null-pointer-checks' '-Wno-maybe-uninitialized' '-Os' '-g0' '-D' 'NDEBUG' '-mtune=exynos-m1' '-fgcse-las' '-fgcse-lm' '-fgcse-sm' '-fgraphite' '-fgraphite-identity' '-fivopts' '-fmodulo-sched' '-fmodulo-sched-allow-regmoves' '-ftree-loop-distribution' '-ftree-loop-im' '-ftree-loop-ivcanon' '-floop-nest-optimize' '-ftree-vectorize' '-funroll-loops' '-mlow-precision-recip-sqrt' '-mpc-relative-literal-loads' '--param' 'allow-store-data-races=0' '-Wframe-larger-than=2048' '-fno-stack-protector' '-Wno-unused-but-set-variable' '-fno-omit-frame-pointer' '-fno-optimize-sibling-calls' '-fno-var-tracking-assignments' '-g' '-Wdeclaration-after-statement' '-Wno-pointer-sign' '-fno-strict-overflow' '-fconserve-stack' '-Werror=implicit-int' '-Werror=strict-prototypes' '-Werror=date-time' '-D' 'CC_HAVE_ASM_GOTO' '-I' '../drivers/media/tdmb' '-I' 'drivers/media/tdmb' '-v' '-I' '../drivers/media/tdmb/mtv319' '-I' 'drivers/media/tdmb/mtv319' '-D' 'KBUILD_STR(s)=#s' '-D' 'KBUILD_BASENAME=KBUILD_STR(tdmb_spi)' '-D' 'KBUILD_MODNAME=KBUILD_STR(tdmb_spi)' '-c' '-MQ' 'drivers/media/tdmb/tdmb_spi.o' '-E' '-mabi=lp64'
Using built-in specs.
COLLECT_GCC=/home/xdavn/gcc/bin/aarch64-cortex_a53-linux-gnueabi-gcc
Target: aarch64-cortex_a53-linux-gnueabi
Configured with: /home/tkkg1994/Downloads/toolchain/crosstool-ng/.build/src/gcc-6.3.0/configure --build=x86_64-build_pc-linux-gnu --host=x86_64-build_pc-linux-gnu --target=aarch64-cortex_a53-linux-gnueabi --prefix=/home/tkkg1994/x-tools/aarch64-cortex_a53-linux-gnueabi --with-sysroot=/home/tkkg1994/x-tools/aarch64-cortex_a53-linux-gnueabi/aarch64-cortex_a53-linux-gnueabi/sysroot --enable-languages=c,c++ --with-cpu=cortex-a53 --with-pkgversion='crosstool-NG crosstool-ng-1.22.0-423-g949cc86 - GNU GCC 6.3.0 - Cortex-A53' --enable-__cxa_atexit --disable-libmudflap --disable-libgomp --disable-libssp --disable-libquadmath --disable-libquadmath-support --disable-libsanitizer --disable-libmpx --with-gmp=/home/tkkg1994/Downloads/toolchain/crosstool-ng/.build/aarch64-cortex_a53-linux-gnueabi/buildtools --with-mpfr=/home/tkkg1994/Downloads/toolchain/crosstool-ng/.build/aarch64-cortex_a53-linux-gnueabi/buildtools --with-mpc=/home/tkkg1994/Downloads/toolchain/crosstool-ng/.build/aarch64-cortex_a53-linux-gnueabi/buildtools --with-isl=/home/tkkg1994/Downloads/toolchain/crosstool-ng/.build/aarch64-cortex_a53-linux-gnueabi/buildtools --enable-lto --with-host-libstdcxx='-static-libgcc -Wl,-Bstatic,-lstdc++,-Bdynamic -lm' --enable-threads=posix --enable-target-optspace --enable-plugin --enable-gold --disable-nls --disable-multilib --with-local-prefix=/home/tkkg1994/x-tools/aarch64-cortex_a53-linux-gnueabi/aarch64-cortex_a53-linux-gnueabi/sysroot --enable-long-long
Thread model: posix
gcc version 6.3.0 (crosstool-NG crosstool-ng-1.22.0-423-g949cc86 - GNU GCC 6.3.0 - Cortex-A53) 
COLLECT_GCC_OPTIONS='-nostdinc' '-isystem' '/home/xdavn/gcc/bin/../lib/gcc/aarch64-cortex_a53-linux-gnueabi/6.3.0/include' '-I' '../arch/arm64/include' '-I' 'arch/arm64/include/generated' '-I' '../include' '-I' 'include' '-I' '../arch/arm64/include/uapi' '-I' 'arch/arm64/include/generated/uapi' '-I' '../include/uapi' '-I' 'include/generated/uapi' '-include' '../include/linux/kconfig.h' '-I' '../drivers/media/tdmb' '-I' 'drivers/media/tdmb' '-D' '__KERNEL__' '-mlittle-endian' '-Wall' '-Wundef' '-Wstrict-prototypes' '-Wno-trigraphs' '-fno-strict-aliasing' '-fno-common' '-Werror=implicit-function-declaration' '-Wno-format-security' '-std=gnu90' '-D' 'ANDROID_VERSION=700000' '-D' 'ANDROID_MAJOR_VERSION=7' '-mcpu=exynos-m1' '-mtune=exynos-m1' '-mgeneral-regs-only' '-fno-pic' '-fno-delete-null-pointer-checks' '-Wno-maybe-uninitialized' '-Os' '-g0' '-D' 'NDEBUG' '-mtune=exynos-m1' '-fgcse-las' '-fgcse-lm' '-fgcse-sm' '-fgraphite' '-fgraphite-identity' '-fivopts' '-fmodulo-sched' '-fmodulo-sched-allow-regmoves' '-ftree-loop-distribution' '-ftree-loop-im' '-ftree-loop-ivcanon' '-floop-nest-optimize' '-ftree-vectorize' '-funroll-loops' '-mlow-precision-recip-sqrt' '-mpc-relative-literal-loads' '--param' 'allow-store-data-races=0' '-Wframe-larger-than=2048' '-fno-stack-protector' '-Wno-unused-but-set-variable' '-fno-omit-frame-pointer' '-fno-optimize-sibling-calls' '-fno-var-tracking-assignments' '-g' '-Wdeclaration-after-statement' '-Wno-pointer-sign' '-fno-strict-overflow' '-fconserve-stack' '-Werror=implicit-int' '-Werror=strict-prototypes' '-Werror=date-time' '-D' 'CC_HAVE_ASM_GOTO' '-I' '../drivers/media/tdmb' '-I' 'drivers/media/tdmb' '-v' '-I' '../drivers/media/tdmb/mtv319' '-I' 'drivers/media/tdmb/mtv319' '-D' 'KBUILD_STR(s)=#s' '-D' 'KBUILD_BASENAME=KBUILD_STR(tdmb_spi)' '-D' 'KBUILD_MODNAME=KBUILD_STR(tdmb_spi)' '-c' '-o' '/home/xdavn/.ccache/3/a/58dd70d3b32599516ba30c6cde7c19-839856.o.tmp.server.516' '-mabi=lp64'
 /home/xdavn/gcc/bin/../libexec/gcc/aarch64-cortex_a53-linux-gnueabi/6.3.0/cc1 -fpreprocessed /home/xdavn/.ccache/tmp/tdmb_spi.tmp.server.516.i -quiet -dumpbase tdmb_spi.tmp.server.516.i -mlittle-endian -mcpu=exynos-m1 -mtune=exynos-m1 -mgeneral-regs-only -mtune=exynos-m1 -mlow-precision-recip-sqrt -mpc-relative-literal-loads -mabi=lp64 -auxbase-strip /home/xdavn/.ccache/3/a/58dd70d3b32599516ba30c6cde7c19-839856.o.tmp.server.516 -g0 -g -Os -Wall -Wundef -Wstrict-prototypes -Wno-trigraphs -Werror=implicit-function-declaration -Wno-format-security -Wno-maybe-uninitialized -Wframe-larger-than=2048 -Wno-unused-but-set-variable -Wdeclaration-after-statement -Wno-pointer-sign -Werror=implicit-int -Werror=strict-prototypes -Werror=date-time -std=gnu90 -version -fno-strict-aliasing -fno-common -fno-pic -fno-delete-null-pointer-checks -fgcse-las -fgcse-lm -fgcse-sm -fgraphite -fgraphite-identity -fivopts -fmodulo-sched -fmodulo-sched-allow-regmoves -ftree-loop-distribution -ftree-loop-im -ftree-loop-ivcanon -floop-nest-optimize -ftree-vectorize -funroll-loops -fno-stack-protector -fno-omit-frame-pointer -fno-optimize-sibling-calls -fno-var-tracking-assignments -fno-strict-overflow -fconserve-stack --param allow-store-data-races=0 -o /tmp/ccQE73oF.s
GNU C89 (crosstool-NG crosstool-ng-1.22.0-423-g949cc86 - GNU GCC 6.3.0 - Cortex-A53) version 6.3.0 (aarch64-cortex_a53-linux-gnueabi)
	compiled by GNU C version 6.2.0 20161005, GMP version 6.1.2, MPFR version 3.1.5, MPC version 1.0.3, isl version 0.15
GGC heuristics: --param ggc-min-expand=100 --param ggc-min-heapsize=131072
GNU C89 (crosstool-NG crosstool-ng-1.22.0-423-g949cc86 - GNU GCC 6.3.0 - Cortex-A53) version 6.3.0 (aarch64-cortex_a53-linux-gnueabi)
	compiled by GNU C version 6.2.0 20161005, GMP version 6.1.2, MPFR version 3.1.5, MPC version 1.0.3, isl version 0.15
GGC heuristics: --param ggc-min-expand=100 --param ggc-min-heapsize=131072
Compiler executable checksum: 0c5c8c7ab5dbaaba4697ed2a435694a7
COLLECT_GCC_OPTIONS='-nostdinc' '-isystem' '/home/xdavn/gcc/bin/../lib/gcc/aarch64-cortex_a53-linux-gnueabi/6.3.0/include' '-I' '../arch/arm64/include' '-I' 'arch/arm64/include/generated' '-I' '../include' '-I' 'include' '-I' '../arch/arm64/include/uapi' '-I' 'arch/arm64/include/generated/uapi' '-I' '../include/uapi' '-I' 'include/generated/uapi' '-include' '../include/linux/kconfig.h' '-I' '../drivers/media/tdmb' '-I' 'drivers/media/tdmb' '-D' '__KERNEL__' '-mlittle-endian' '-Wall' '-Wundef' '-Wstrict-prototypes' '-Wno-trigraphs' '-fno-strict-aliasing' '-fno-common' '-Werror=implicit-function-declaration' '-Wno-format-security' '-std=gnu90' '-D' 'ANDROID_VERSION=700000' '-D' 'ANDROID_MAJOR_VERSION=7' '-mcpu=exynos-m1' '-mtune=exynos-m1' '-mgeneral-regs-only' '-fno-pic' '-fno-delete-null-pointer-checks' '-Wno-maybe-uninitialized' '-Os' '-g0' '-D' 'NDEBUG' '-mtune=exynos-m1' '-fgcse-las' '-fgcse-lm' '-fgcse-sm' '-fgraphite' '-fgraphite-identity' '-fivopts' '-fmodulo-sched' '-fmodulo-sched-allow-regmoves' '-ftree-loop-distribution' '-ftree-loop-im' '-ftree-loop-ivcanon' '-floop-nest-optimize' '-ftree-vectorize' '-funroll-loops' '-mlow-precision-recip-sqrt' '-mpc-relative-literal-loads' '--param' 'allow-store-data-races=0' '-Wframe-larger-than=2048' '-fno-stack-protector' '-Wno-unused-but-set-variable' '-fno-omit-frame-pointer' '-fno-optimize-sibling-calls' '-fno-var-tracking-assignments' '-g' '-Wdeclaration-after-statement' '-Wno-pointer-sign' '-fno-strict-overflow' '-fconserve-stack' '-Werror=implicit-int' '-Werror=strict-prototypes' '-Werror=date-time' '-D' 'CC_HAVE_ASM_GOTO' '-I' '../drivers/media/tdmb' '-I' 'drivers/media/tdmb' '-v' '-I' '../drivers/media/tdmb/mtv319' '-I' 'drivers/media/tdmb/mtv319' '-D' 'KBUILD_STR(s)=#s' '-D' 'KBUILD_BASENAME=KBUILD_STR(tdmb_spi)' '-D' 'KBUILD_MODNAME=KBUILD_STR(tdmb_spi)' '-c' '-o' '/home/xdavn/.ccache/3/a/58dd70d3b32599516ba30c6cde7c19-839856.o.tmp.server.516' '-mabi=lp64'
 /home/xdavn/gcc/bin/../lib/gcc/aarch64-cortex_a53-linux-gnueabi/6.3.0/../../../../aarch64-cortex_a53-linux-gnueabi/bin/as -v -I ../arch/arm64/include -I arch/arm64/include/generated -I ../include -I include -I ../arch/arm64/include/uapi -I arch/arm64/include/generated/uapi -I ../include/uapi -I include/generated/uapi -I ../drivers/media/tdmb -I drivers/media/tdmb -I ../drivers/media/tdmb -I drivers/media/tdmb -I ../drivers/media/tdmb/mtv319 -I drivers/media/tdmb/mtv319 -EL -march=armv8-a+crypto+crc -mabi=lp64 -o /home/xdavn/.ccache/3/a/58dd70d3b32599516ba30c6cde7c19-839856.o.tmp.server.516 /tmp/ccQE73oF.s
GNU assembler version 2.27 (aarch64-cortex_a53-linux-gnueabi) using BFD version (crosstool-NG crosstool-ng-1.22.0-423-g949cc86 - GNU GCC 6.3.0 - Cortex-A53) 2.27
COMPILER_PATH=/home/xdavn/gcc/bin/../libexec/gcc/aarch64-cortex_a53-linux-gnueabi/6.3.0/:/home/xdavn/gcc/bin/../libexec/gcc/:/home/xdavn/gcc/bin/../lib/gcc/aarch64-cortex_a53-linux-gnueabi/6.3.0/../../../../aarch64-cortex_a53-linux-gnueabi/bin/
LIBRARY_PATH=/home/xdavn/gcc/bin/../lib/gcc/aarch64-cortex_a53-linux-gnueabi/6.3.0/:/home/xdavn/gcc/bin/../lib/gcc/:/home/xdavn/gcc/bin/../lib/gcc/aarch64-cortex_a53-linux-gnueabi/6.3.0/../../../../aarch64-cortex_a53-linux-gnueabi/lib/../lib64/:/home/xdavn/gcc/bin/../aarch64-cortex_a53-linux-gnueabi/sysroot/lib/../lib64/:/home/xdavn/gcc/bin/../aarch64-cortex_a53-linux-gnueabi/sysroot/usr/lib/../lib64/:/home/xdavn/gcc/bin/../lib/gcc/aarch64-cortex_a53-linux-gnueabi/6.3.0/../../../../aarch64-cortex_a53-linux-gnueabi/lib/:/home/xdavn/gcc/bin/../aarch64-cortex_a53-linux-gnueabi/sysroot/lib/:/home/xdavn/gcc/bin/../aarch64-cortex_a53-linux-gnueabi/sysroot/usr/lib/
COLLECT_GCC_OPTIONS='-nostdinc' '-isystem' '/home/xdavn/gcc/bin/../lib/gcc/aarch64-cortex_a53-linux-gnueabi/6.3.0/include' '-I' '../arch/arm64/include' '-I' 'arch/arm64/include/generated' '-I' '../include' '-I' 'include' '-I' '../arch/arm64/include/uapi' '-I' 'arch/arm64/include/generated/uapi' '-I' '../include/uapi' '-I' 'include/generated/uapi' '-include' '../include/linux/kconfig.h' '-I' '../drivers/media/tdmb' '-I' 'drivers/media/tdmb' '-D' '__KERNEL__' '-mlittle-endian' '-Wall' '-Wundef' '-Wstrict-prototypes' '-Wno-trigraphs' '-fno-strict-aliasing' '-fno-common' '-Werror=implicit-function-declaration' '-Wno-format-security' '-std=gnu90' '-D' 'ANDROID_VERSION=700000' '-D' 'ANDROID_MAJOR_VERSION=7' '-mcpu=exynos-m1' '-mtune=exynos-m1' '-mgeneral-regs-only' '-fno-pic' '-fno-delete-null-pointer-checks' '-Wno-maybe-uninitialized' '-Os' '-g0' '-D' 'NDEBUG' '-mtune=exynos-m1' '-fgcse-las' '-fgcse-lm' '-fgcse-sm' '-fgraphite' '-fgraphite-identity' '-fivopts' '-fmodulo-sched' '-fmodulo-sched-allow-regmoves' '-ftree-loop-distribution' '-ftree-loop-im' '-ftree-loop-ivcanon' '-floop-nest-optimize' '-ftree-vectorize' '-funroll-loops' '-mlow-precision-recip-sqrt' '-mpc-relative-literal-loads' '--param' 'allow-store-data-races=0' '-Wframe-larger-than=2048' '-fno-stack-protector' '-Wno-unused-but-set-variable' '-fno-omit-frame-pointer' '-fno-optimize-sibling-calls' '-fno-var-tracking-assignments' '-g' '-Wdeclaration-after-statement' '-Wno-pointer-sign' '-fno-strict-overflow' '-fconserve-stack' '-Werror=implicit-int' '-Werror=strict-prototypes' '-Werror=date-time' '-D' 'CC_HAVE_ASM_GOTO' '-I' '../drivers/media/tdmb' '-I' 'drivers/media/tdmb' '-v' '-I' '../drivers/media/tdmb/mtv319' '-I' 'drivers/media/tdmb/mtv319' '-D' 'KBUILD_STR(s)=#s' '-D' 'KBUILD_BASENAME=KBUILD_STR(tdmb_spi)' '-D' 'KBUILD_MODNAME=KBUILD_STR(tdmb_spi)' '-c' '-o' '/home/xdavn/.ccache/3/a/58dd70d3b32599516ba30c6cde7c19-839856.o.tmp.server.516' '-mabi=lp64'
../drivers/net/usb/smscusbnet.c:80:19: warning: 'driver_name' defined but not used [-Wunused-const-variable=]
 static const char driver_name [] = "smscusbnet";
                   ^~~~~~~~~~~
../drivers/net/usb/usbnet.c:85:19: warning: 'driver_name' defined but not used [-Wunused-const-variable=]
 static const char driver_name [] = "usbnet";
                   ^~~~~~~~~~~
../drivers/media/platform/exynos/fimc-is2/fimc-is-device-ischain.c:280:31: warning: 'init_scc_param' defined but not used [-Wunused-const-variable=]
 static const struct scc_param init_scc_param = {
                               ^~~~~~~~~~~~~~
../drivers/media/platform/exynos/fimc-is2/fimc-is-device-ischain.c:244:31: warning: 'init_drc_param' defined but not used [-Wunused-const-variable=]
 static const struct drc_param init_drc_param = {
                               ^~~~~~~~~~~~~~
../drivers/regulator/max77854.c:66:38: warning: 'topoff_current_map_desc' defined but not used [-Wunused-const-variable=]
 static const struct voltage_map_desc topoff_current_map_desc = {
                                      ^~~~~~~~~~~~~~~~~~~~~~~
../drivers/regulator/max77854.c:62:38: warning: 'charger_current_map_desc' defined but not used [-Wunused-const-variable=]
 static const struct voltage_map_desc charger_current_map_desc = {
                                      ^~~~~~~~~~~~~~~~~~~~~~~~
../drivers/net/wireless/bcmdhd4359/siutils.c: In function 'si_doattach':
../drivers/net/wireless/bcmdhd4359/siutils.c:541:14: warning: self-comparison always evaluates to false [-Wtautological-compare]
  if (bustype != BUSTYPE(bustype)) {
              ^~
../drivers/staging/android/ion/ion.c: In function 'user_ion_free_nolock':
../drivers/staging/android/ion/ion.c:923:30: warning: logical not is only applied to the left hand side of comparison [-Wlogical-not-parentheses]
  if (!handle->user_ref_count > 0) {
                              ^
../drivers/thermal/ipa.c:642:227: warning: 'k_fops_ro' defined but not used [-Wunused-const-variable=]
 DEFINE_SIMPLE_ATTRIBUTE(k_fops_ro, debugfs_k_get, NULL, "%llu\n");
                                                                                                                                                                                                                                   ^        
../drivers/usb/gadget/android.c:60:19: warning: 'longname' defined but not used [-Wunused-const-variable=]
 static const char longname[] = "Gadget Android";
                   ^~~~~~~~
../drivers/video/fbdev/exynos/decon_8890/dsim_drv.c:59:34: warning: 'exynos5_dsim' defined but not used [-Wunused-const-variable=]
 static const struct of_device_id exynos5_dsim[] = {
                                  ^~~~~~~~~~~~
../drivers/video/fbdev/exynos/decon_8890/panels/s6e3hf4_s6e3ha5_wqhd_lcd_ctrl.c:2967:28: warning: 'S6E3HA5_SEQ_DDI_SCALER_PPS_01' defined but not used [-Wunused-const-variable=]
 static const unsigned char S6E3HA5_SEQ_DDI_SCALER_PPS_01[] = {
                            ^~~~~~~~~~~~~~~~~~~~~~~~~~~~~
../drivers/video/fbdev/exynos/decon_8890/panels/s6e3hf4_s6e3ha5_wqhd_lcd_ctrl.c:2962:28: warning: 'S6E3HA5_SEQ_DDI_SCALER_PPS_00' defined but not used [-Wunused-const-variable=]
 static const unsigned char S6E3HA5_SEQ_DDI_SCALER_PPS_00[] = {
                            ^~~~~~~~~~~~~~~~~~~~~~~~~~~~~
../drivers/video/fbdev/exynos/decon_8890/panels/s6e3hf4_s6e3ha5_wqhd_lcd_ctrl.c:1088:28: warning: 'S6E3HF4_SEQ_DDI_SCALER_PPS_01' defined but not used [-Wunused-const-variable=]
 static const unsigned char S6E3HF4_SEQ_DDI_SCALER_PPS_01[] = {
                            ^~~~~~~~~~~~~~~~~~~~~~~~~~~~~
../drivers/video/fbdev/exynos/decon_8890/panels/s6e3hf4_s6e3ha5_wqhd_lcd_ctrl.c:1083:28: warning: 'S6E3HF4_SEQ_DDI_SCALER_PPS_00' defined but not used [-Wunused-const-variable=]
 static const unsigned char S6E3HF4_SEQ_DDI_SCALER_PPS_00[] = {
                            ^~~~~~~~~~~~~~~~~~~~~~~~~~~~~
WARNING: modpost: Found 1 section mismatch(es).
To see full details build your kernel with:
'make CONFIG_DEBUG_SECTION_MISMATCH=y'


Processing DTS files ...

Processing: exynos8890-gracelte_kor_all_01.dts
Generating: exynos8890-gracelte_kor_all_01.dtb
Processing: exynos8890-gracelte_kor_all_02.dts
Generating: exynos8890-gracelte_kor_all_02.dtb
Processing: exynos8890-gracelte_kor_all_03.dts
Generating: exynos8890-gracelte_kor_all_03.dtb
Processing: exynos8890-gracelte_kor_all_05.dts
Generating: exynos8890-gracelte_kor_all_05.dtb
Processing: exynos8890-gracelte_kor_all_07.dts
Generating: exynos8890-gracelte_kor_all_07.dtb
Processing: exynos8890-gracelte_kor_all_09.dts
Generating: exynos8890-gracelte_kor_all_09.dtb
Processing: exynos8890-gracelte_kor_all_11.dts
Generating: exynos8890-gracelte_kor_all_11.dtb
Processing: exynos8890-gracelte_kor_all_12.dts
Generating: exynos8890-gracelte_kor_all_12.dtb

Generating dtb.img

=> Found compatible entry: samsung,exynos8890
    (chip: 8890, hw_rev: 1, hw_rev_end: 1)
=> Found compatible entry: samsung,exynos8890
    (chip: 8890, hw_rev: 2, hw_rev_end: 2)
=> Found compatible entry: samsung,exynos8890
    (chip: 8890, hw_rev: 3, hw_rev_end: 4)
=> Found compatible entry: samsung,exynos8890
    (chip: 8890, hw_rev: 5, hw_rev_end: 6)
=> Found compatible entry: samsung,exynos8890
    (chip: 8890, hw_rev: 7, hw_rev_end: 8)
=> Found compatible entry: samsung,exynos8890
    (chip: 8890, hw_rev: 9, hw_rev_end: 10)
=> Found compatible entry: samsung,exynos8890
    (chip: 8890, hw_rev: 11, hw_rev_end: 11)
=> Found compatible entry: samsung,exynos8890
    (chip: 8890, hw_rev: 12, hw_rev_end: 255)
mkdir: cannot create directory ‘/home/xdavn/NOTE-7/N7_KERNEL_CHUAN/.work/ramdisk/ramdisk/config’: File exists
chmod: cannot access ‘/home/xdavn/NOTE-7/N7_KERNEL_CHUAN/.work/ramdisk/bin/BootSignature.jar’: No such file or directory
chmod: cannot access ‘/home/xdavn/NOTE-7/N7_KERNEL_CHUAN/.work/ramdisk/bin/avb/*’: No such file or directory
[H[2J 
Android Image Kitchen - RepackImg Script
by osm0sis @ xda-developers
 
Packing ramdisk...
 
Using compression: gzip
 
Getting build information...
kernel = boot.img-zImage
cmdline = 
board = SRPOI17A000KU
base = 10000000
pagesize = 2048
kernel_offset = 00008000
ramdisk_offset = 01000000
second_offset = 00f00000
tags_offset = 00000100
os_version = 7.0.0
os_patch_level = 2017-06
hash = sha1
dtb = boot.img-dtb
 
Building image...
 
Using format: AOSP
 
Appending footer...
 
Using type: SEAndroid
 
Done!
